<?xml version="1.0" encoding="UTF-8"?>
<robot generator="Robot 6.1.1 (Python 3.11.0 on darwin)" generated="20231026 14:11:47.401" rpa="false" schemaversion="4">
<suite id="s1" name="Todomcv Testsuite" source="/Users/ganesh/Desktop/playwright_project/Robotframework_playwright/todomcv_testsuite.robot">
<kw name="New Browser" library="Browser" type="SETUP">
<arg>browser=${BROWSER}</arg>
<arg>headless=${HEADLESS}</arg>
<tag>BrowserControl</tag>
<tag>Setter</tag>
<doc>Create a new playwright Browser with specified options.</doc>
<msg timestamp="20231026 14:11:48.795" level="INFO">{"browser": "chromium", "headless": false, "chromiumSandbox": false, "devtools": false, "handleSIGHUP": true, "handleSIGINT": true, "handleSIGTERM": true, "slowMo": 0.0, "timeout": 30000.0, "tracesDir": "/Users/ganesh/Desktop/playwright_project/Robotframework_playwright/browser/traces/44547a44-9a5d-4950-8352-0c0c4eb85b1a"}</msg>
<msg timestamp="20231026 14:11:49.377" level="INFO">Successfully created browser with options: {"browser":"chromium","headless":false,"chromiumSandbox":false,"devtools":false,"handleSIGHUP":true,"handleSIGINT":true,"handleSIGTERM":true,"slowMo":0,"timeout":30000,"tracesDir":"/Users/ganesh/Desktop/playwright_project/Robotframework_playwright/browser/traces/44547a44-9a5d-4950-8352-0c0c4eb85b1a"}</msg>
<status status="PASS" starttime="20231026 14:11:48.794" endtime="20231026 14:11:49.377"/>
</kw>
<test id="s1-t1" name="Add Two ToDos And Check Items" line="14">
<kw name="New Context" library="Browser" type="SETUP">
<arg>viewport={'width': 1920, 'height': 1080}</arg>
<tag>BrowserControl</tag>
<tag>Setter</tag>
<doc>Create a new BrowserContext with specified options.</doc>
<msg timestamp="20231026 14:11:49.387" level="INFO">{
  "acceptDownloads": true,
  "bypassCSP": false,
  "forcedColors": "none",
  "hideRfBrowser": "",
  "ignoreHTTPSErrors": false,
  "javaScriptEnabled": true,
  "offline": false,
  "reducedMotion": "no-preference",
  "serviceWorkers": "allow",
  "viewport": {
    "width": 1920,
    "height": 1080
  }
}</msg>
<msg timestamp="20231026 14:11:49.407" level="INFO">Successfully created context. </msg>
<msg timestamp="20231026 14:11:49.407" level="INFO">{'acceptDownloads': True, 'bypassCSP': False, 'forcedColors': 'none', 'hideRfBrowser': '', 'ignoreHTTPSErrors': False, 'javaScriptEnabled': True, 'offline': False, 'reducedMotion': 'no-preference', 'serviceWorkers': 'allow', 'viewport': {'width': 1920, 'height': 1080}}</msg>
<status status="PASS" starttime="20231026 14:11:49.385" endtime="20231026 14:11:49.407"/>
</kw>
<kw name="Given ToDo App is open">
<kw name="New Page" library="Browser">
<arg>https://todomvc.com/examples/react/</arg>
<tag>BrowserControl</tag>
<tag>Setter</tag>
<doc>Open a new Page.</doc>
<msg timestamp="20231026 14:11:50.884" level="INFO">Successfully initialized new page object and opened url: https://todomvc.com/examples/react/</msg>
<status status="PASS" starttime="20231026 14:11:49.411" endtime="20231026 14:11:50.884"/>
</kw>
<status status="PASS" starttime="20231026 14:11:49.408" endtime="20231026 14:11:50.884"/>
</kw>
<kw name="When I Add A New ToDo &quot;Learn Robot Framework&quot;" sourcename="I Add A New ToDo &quot;${todo}&quot;">
<kw name="Fill Text" library="Browser">
<arg>.new-todo</arg>
<arg>${todo}</arg>
<tag>PageContent</tag>
<tag>Setter</tag>
<doc>Clears and fills the given ``txt`` into the text field found by ``selector``.</doc>
<msg timestamp="20231026 14:11:50.885" level="INFO">Fills the text 'Learn Robot Framework' in the given field.</msg>
<status status="PASS" starttime="20231026 14:11:50.885" endtime="20231026 14:11:50.944"/>
</kw>
<kw name="Press Keys" library="Browser">
<arg>.new-todo</arg>
<arg>Enter</arg>
<tag>PageContent</tag>
<tag>Setter</tag>
<doc>Types the given key combination into element found by ``selector``.</doc>
<status status="PASS" starttime="20231026 14:11:50.945" endtime="20231026 14:11:51.028"/>
</kw>
<status status="PASS" starttime="20231026 14:11:50.885" endtime="20231026 14:11:51.028"/>
</kw>
<kw name="And I Add A New ToDo &quot;Write Test Cases&quot;" sourcename="I Add A New ToDo &quot;${todo}&quot;">
<kw name="Fill Text" library="Browser">
<arg>.new-todo</arg>
<arg>${todo}</arg>
<tag>PageContent</tag>
<tag>Setter</tag>
<doc>Clears and fills the given ``txt`` into the text field found by ``selector``.</doc>
<msg timestamp="20231026 14:11:51.029" level="INFO">Fills the text 'Write Test Cases' in the given field.</msg>
<status status="PASS" starttime="20231026 14:11:51.029" endtime="20231026 14:11:51.051"/>
</kw>
<kw name="Press Keys" library="Browser">
<arg>.new-todo</arg>
<arg>Enter</arg>
<tag>PageContent</tag>
<tag>Setter</tag>
<doc>Types the given key combination into element found by ``selector``.</doc>
<status status="PASS" starttime="20231026 14:11:51.051" endtime="20231026 14:11:51.068"/>
</kw>
<status status="PASS" starttime="20231026 14:11:51.029" endtime="20231026 14:11:51.068"/>
</kw>
<kw name="Then Open ToDos should show &quot;2 items left&quot;" sourcename="Open ToDos should show &quot;${text}&quot;">
<kw name="Get Text" library="Browser">
<arg>span.todo-count</arg>
<arg>==</arg>
<arg>${text}</arg>
<tag>Assertion</tag>
<tag>Getter</tag>
<tag>PageContent</tag>
<doc>Returns text attribute of the element found by ``selector``.</doc>
<msg timestamp="20231026 14:11:51.108" level="INFO">Text: '2 items left'</msg>
<status status="PASS" starttime="20231026 14:11:51.069" endtime="20231026 14:11:51.109"/>
</kw>
<status status="PASS" starttime="20231026 14:11:51.069" endtime="20231026 14:11:51.109"/>
</kw>
<kw name="Close Context" library="Browser" type="TEARDOWN">
<tag>BrowserControl</tag>
<tag>Setter</tag>
<doc>Closes a Context.</doc>
<msg timestamp="20231026 14:11:51.114" level="INFO">[
  {
    "type": "chromium",
    "id": "browser=77f6e2e6-763b-4658-b8b8-ff1ebb5f790f",
    "contexts": [
      {
        "type": "context",
        "id": "context=da5151d6-92c7-452c-b067-5c259385f86d",
        "activePage": "page=8cef0b17-7167-432a-ae6e-97616c3a96a3",
        "pages": [
          {
            "type": "page",
            "title": "React \u2022 TodoMVC",
            "url": "https://todomvc.com/examples/react/#/",
            "id": "page=8cef0b17-7167-432a-ae6e-97616c3a96a3",
            "timestamp": 1698318710.341
          }
        ]
      }
    ],
    "activeContext": "context=da5151d6-92c7-452c-b067-5c259385f86d",
    "activeBrowser": true
  }
]</msg>
<msg timestamp="20231026 14:11:51.114" level="INFO">Switching browser to CURRENT</msg>
<msg timestamp="20231026 14:11:51.117" level="INFO">Returned active browser id. CURRENT</msg>
<msg timestamp="20231026 14:11:51.117" level="INFO">Switching browser to browser=77f6e2e6-763b-4658-b8b8-ff1ebb5f790f</msg>
<msg timestamp="20231026 14:11:51.121" level="INFO">Successfully changed active browser: browser=77f6e2e6-763b-4658-b8b8-ff1ebb5f790f</msg>
<msg timestamp="20231026 14:11:51.121" level="INFO">Switching context to CURRENT in CURRENT</msg>
<msg timestamp="20231026 14:11:51.128" level="INFO">Returned active context id: CURRENT</msg>
<msg timestamp="20231026 14:11:51.129" level="INFO">Switching context to context=da5151d6-92c7-452c-b067-5c259385f86d in CURRENT</msg>
<msg timestamp="20231026 14:11:51.135" level="INFO">[
  {
    "type": "chromium",
    "id": "browser=77f6e2e6-763b-4658-b8b8-ff1ebb5f790f",
    "contexts": [
      {
        "type": "context",
        "id": "context=da5151d6-92c7-452c-b067-5c259385f86d",
        "activePage": "page=8cef0b17-7167-432a-ae6e-97616c3a96a3",
        "pages": [
          {
            "type": "page",
            "title": "React \u2022 TodoMVC",
            "url": "https://todomvc.com/examples/react/#/",
            "id": "page=8cef0b17-7167-432a-ae6e-97616c3a96a3",
            "timestamp": 1698318710.341
          }
        ]
      }
    ],
    "activeContext": "context=da5151d6-92c7-452c-b067-5c259385f86d",
    "activeBrowser": true
  }
]</msg>
<msg timestamp="20231026 14:11:51.141" level="INFO">Successfully changed active context: context=da5151d6-92c7-452c-b067-5c259385f86d</msg>
<msg timestamp="20231026 14:11:51.200" level="INFO">Successfully closed Context</msg>
<status status="PASS" starttime="20231026 14:11:51.109" endtime="20231026 14:11:51.200"/>
</kw>
<doc>Checks if ToDos can be added and ToDo count increases</doc>
<tag>Add ToDo</tag>
<status status="PASS" starttime="20231026 14:11:49.378" endtime="20231026 14:11:51.201"/>
</test>
<test id="s1-t2" name="Add Two ToDos And Check Wrong Number Of Items" line="22">
<kw name="New Context" library="Browser" type="SETUP">
<arg>viewport={'width': 1920, 'height': 1080}</arg>
<tag>BrowserControl</tag>
<tag>Setter</tag>
<doc>Create a new BrowserContext with specified options.</doc>
<msg timestamp="20231026 14:11:51.217" level="INFO">{
  "acceptDownloads": true,
  "bypassCSP": false,
  "forcedColors": "none",
  "hideRfBrowser": "",
  "ignoreHTTPSErrors": false,
  "javaScriptEnabled": true,
  "offline": false,
  "reducedMotion": "no-preference",
  "serviceWorkers": "allow",
  "viewport": {
    "width": 1920,
    "height": 1080
  }
}</msg>
<msg timestamp="20231026 14:11:51.225" level="INFO">Successfully created context. </msg>
<msg timestamp="20231026 14:11:51.225" level="INFO">{'acceptDownloads': True, 'bypassCSP': False, 'forcedColors': 'none', 'hideRfBrowser': '', 'ignoreHTTPSErrors': False, 'javaScriptEnabled': True, 'offline': False, 'reducedMotion': 'no-preference', 'serviceWorkers': 'allow', 'viewport': {'width': 1920, 'height': 1080}}</msg>
<status status="PASS" starttime="20231026 14:11:51.217" endtime="20231026 14:11:51.225"/>
</kw>
<kw name="Given ToDo App is open">
<kw name="New Page" library="Browser">
<arg>https://todomvc.com/examples/react/</arg>
<tag>BrowserControl</tag>
<tag>Setter</tag>
<doc>Open a new Page.</doc>
<msg timestamp="20231026 14:11:52.125" level="INFO">Successfully initialized new page object and opened url: https://todomvc.com/examples/react/</msg>
<status status="PASS" starttime="20231026 14:11:51.225" endtime="20231026 14:11:52.126"/>
</kw>
<status status="PASS" starttime="20231026 14:11:51.225" endtime="20231026 14:11:52.126"/>
</kw>
<kw name="When I Add A New ToDo &quot;Learn Robot Framework&quot;" sourcename="I Add A New ToDo &quot;${todo}&quot;">
<kw name="Fill Text" library="Browser">
<arg>.new-todo</arg>
<arg>${todo}</arg>
<tag>PageContent</tag>
<tag>Setter</tag>
<doc>Clears and fills the given ``txt`` into the text field found by ``selector``.</doc>
<msg timestamp="20231026 14:11:52.127" level="INFO">Fills the text 'Learn Robot Framework' in the given field.</msg>
<status status="PASS" starttime="20231026 14:11:52.127" endtime="20231026 14:11:52.167"/>
</kw>
<kw name="Press Keys" library="Browser">
<arg>.new-todo</arg>
<arg>Enter</arg>
<tag>PageContent</tag>
<tag>Setter</tag>
<doc>Types the given key combination into element found by ``selector``.</doc>
<status status="PASS" starttime="20231026 14:11:52.168" endtime="20231026 14:11:52.235"/>
</kw>
<status status="PASS" starttime="20231026 14:11:52.126" endtime="20231026 14:11:52.235"/>
</kw>
<kw name="And I Add A New ToDo &quot;Write Test Cases&quot;" sourcename="I Add A New ToDo &quot;${todo}&quot;">
<kw name="Fill Text" library="Browser">
<arg>.new-todo</arg>
<arg>${todo}</arg>
<tag>PageContent</tag>
<tag>Setter</tag>
<doc>Clears and fills the given ``txt`` into the text field found by ``selector``.</doc>
<msg timestamp="20231026 14:11:52.237" level="INFO">Fills the text 'Write Test Cases' in the given field.</msg>
<status status="PASS" starttime="20231026 14:11:52.236" endtime="20231026 14:11:52.261"/>
</kw>
<kw name="Press Keys" library="Browser">
<arg>.new-todo</arg>
<arg>Enter</arg>
<tag>PageContent</tag>
<tag>Setter</tag>
<doc>Types the given key combination into element found by ``selector``.</doc>
<status status="PASS" starttime="20231026 14:11:52.261" endtime="20231026 14:11:52.279"/>
</kw>
<status status="PASS" starttime="20231026 14:11:52.235" endtime="20231026 14:11:52.279"/>
</kw>
<kw name="Then Open ToDos should show &quot;2 items left&quot;" sourcename="Open ToDos should show &quot;${text}&quot;">
<kw name="Get Text" library="Browser">
<arg>span.todo-count</arg>
<arg>==</arg>
<arg>${text}</arg>
<tag>Assertion</tag>
<tag>Getter</tag>
<tag>PageContent</tag>
<doc>Returns text attribute of the element found by ``selector``.</doc>
<msg timestamp="20231026 14:11:52.310" level="INFO">Text: '2 items left'</msg>
<status status="PASS" starttime="20231026 14:11:52.280" endtime="20231026 14:11:52.310"/>
</kw>
<status status="PASS" starttime="20231026 14:11:52.279" endtime="20231026 14:11:52.310"/>
</kw>
<kw name="Close Context" library="Browser" type="TEARDOWN">
<tag>BrowserControl</tag>
<tag>Setter</tag>
<doc>Closes a Context.</doc>
<msg timestamp="20231026 14:11:52.317" level="INFO">[
  {
    "type": "chromium",
    "id": "browser=77f6e2e6-763b-4658-b8b8-ff1ebb5f790f",
    "contexts": [
      {
        "type": "context",
        "id": "context=4d71bc1f-1c8a-4e5c-b00e-4b1729bdac68",
        "activePage": "page=4d12cf03-b074-4006-b74d-1597e96cba67",
        "pages": [
          {
            "type": "page",
            "title": "React \u2022 TodoMVC",
            "url": "https://todomvc.com/examples/react/#/",
            "id": "page=4d12cf03-b074-4006-b74d-1597e96cba67",
            "timestamp": 1698318711.477
          }
        ]
      }
    ],
    "activeContext": "context=4d71bc1f-1c8a-4e5c-b00e-4b1729bdac68",
    "activeBrowser": true
  }
]</msg>
<msg timestamp="20231026 14:11:52.317" level="INFO">Switching browser to CURRENT</msg>
<msg timestamp="20231026 14:11:52.319" level="INFO">Returned active browser id. CURRENT</msg>
<msg timestamp="20231026 14:11:52.320" level="INFO">Switching browser to browser=77f6e2e6-763b-4658-b8b8-ff1ebb5f790f</msg>
<msg timestamp="20231026 14:11:52.324" level="INFO">Successfully changed active browser: browser=77f6e2e6-763b-4658-b8b8-ff1ebb5f790f</msg>
<msg timestamp="20231026 14:11:52.324" level="INFO">Switching context to CURRENT in CURRENT</msg>
<msg timestamp="20231026 14:11:52.335" level="INFO">Returned active context id: CURRENT</msg>
<msg timestamp="20231026 14:11:52.336" level="INFO">Switching context to context=4d71bc1f-1c8a-4e5c-b00e-4b1729bdac68 in CURRENT</msg>
<msg timestamp="20231026 14:11:52.343" level="INFO">[
  {
    "type": "chromium",
    "id": "browser=77f6e2e6-763b-4658-b8b8-ff1ebb5f790f",
    "contexts": [
      {
        "type": "context",
        "id": "context=4d71bc1f-1c8a-4e5c-b00e-4b1729bdac68",
        "activePage": "page=4d12cf03-b074-4006-b74d-1597e96cba67",
        "pages": [
          {
            "type": "page",
            "title": "React \u2022 TodoMVC",
            "url": "https://todomvc.com/examples/react/#/",
            "id": "page=4d12cf03-b074-4006-b74d-1597e96cba67",
            "timestamp": 1698318711.477
          }
        ]
      }
    ],
    "activeContext": "context=4d71bc1f-1c8a-4e5c-b00e-4b1729bdac68",
    "activeBrowser": true
  }
]</msg>
<msg timestamp="20231026 14:11:52.347" level="INFO">Successfully changed active context: context=4d71bc1f-1c8a-4e5c-b00e-4b1729bdac68</msg>
<msg timestamp="20231026 14:11:52.375" level="INFO">Successfully closed Context</msg>
<status status="PASS" starttime="20231026 14:11:52.311" endtime="20231026 14:11:52.375"/>
</kw>
<doc>Checks if ToDos can be added and ToDo count increases</doc>
<tag>Add ToDo</tag>
<status status="PASS" starttime="20231026 14:11:51.215" endtime="20231026 14:11:52.376"/>
</test>
<test id="s1-t3" name="Add ToDo And Mark Same ToDo" line="30">
<kw name="New Context" library="Browser" type="SETUP">
<arg>viewport={'width': 1920, 'height': 1080}</arg>
<tag>BrowserControl</tag>
<tag>Setter</tag>
<doc>Create a new BrowserContext with specified options.</doc>
<msg timestamp="20231026 14:11:52.394" level="INFO">{
  "acceptDownloads": true,
  "bypassCSP": false,
  "forcedColors": "none",
  "hideRfBrowser": "",
  "ignoreHTTPSErrors": false,
  "javaScriptEnabled": true,
  "offline": false,
  "reducedMotion": "no-preference",
  "serviceWorkers": "allow",
  "viewport": {
    "width": 1920,
    "height": 1080
  }
}</msg>
<msg timestamp="20231026 14:11:52.404" level="INFO">Successfully created context. </msg>
<msg timestamp="20231026 14:11:52.404" level="INFO">{'acceptDownloads': True, 'bypassCSP': False, 'forcedColors': 'none', 'hideRfBrowser': '', 'ignoreHTTPSErrors': False, 'javaScriptEnabled': True, 'offline': False, 'reducedMotion': 'no-preference', 'serviceWorkers': 'allow', 'viewport': {'width': 1920, 'height': 1080}}</msg>
<status status="PASS" starttime="20231026 14:11:52.394" endtime="20231026 14:11:52.404"/>
</kw>
<kw name="Given ToDo App is open">
<kw name="New Page" library="Browser">
<arg>https://todomvc.com/examples/react/</arg>
<tag>BrowserControl</tag>
<tag>Setter</tag>
<doc>Open a new Page.</doc>
<msg timestamp="20231026 14:11:53.111" level="INFO">Successfully initialized new page object and opened url: https://todomvc.com/examples/react/</msg>
<status status="PASS" starttime="20231026 14:11:52.404" endtime="20231026 14:11:53.111"/>
</kw>
<status status="PASS" starttime="20231026 14:11:52.404" endtime="20231026 14:11:53.112"/>
</kw>
<kw name="When I Add A New ToDo &quot;Learn Robot Framework&quot;" sourcename="I Add A New ToDo &quot;${todo}&quot;">
<kw name="Fill Text" library="Browser">
<arg>.new-todo</arg>
<arg>${todo}</arg>
<tag>PageContent</tag>
<tag>Setter</tag>
<doc>Clears and fills the given ``txt`` into the text field found by ``selector``.</doc>
<msg timestamp="20231026 14:11:53.113" level="INFO">Fills the text 'Learn Robot Framework' in the given field.</msg>
<status status="PASS" starttime="20231026 14:11:53.113" endtime="20231026 14:11:53.230"/>
</kw>
<kw name="Press Keys" library="Browser">
<arg>.new-todo</arg>
<arg>Enter</arg>
<tag>PageContent</tag>
<tag>Setter</tag>
<doc>Types the given key combination into element found by ``selector``.</doc>
<status status="PASS" starttime="20231026 14:11:53.231" endtime="20231026 14:11:53.301"/>
</kw>
<status status="PASS" starttime="20231026 14:11:53.112" endtime="20231026 14:11:53.301"/>
</kw>
<kw name="And I Mark ToDo &quot;Learn Robot Framework&quot;" sourcename="I Mark ToDo &quot;${todo}&quot;">
<kw name="Click" library="Browser">
<arg>"${todo}" &gt;&gt; .. &gt;&gt; input.toggle</arg>
<tag>PageContent</tag>
<tag>Setter</tag>
<doc>Simulates mouse click on the element found by ``selector``.</doc>
<status status="PASS" starttime="20231026 14:11:53.302" endtime="20231026 14:11:53.418"/>
</kw>
<status status="PASS" starttime="20231026 14:11:53.301" endtime="20231026 14:11:53.418"/>
</kw>
<kw name="Then Open ToDos should show &quot;0 items left&quot;" sourcename="Open ToDos should show &quot;${text}&quot;">
<kw name="Get Text" library="Browser">
<arg>span.todo-count</arg>
<arg>==</arg>
<arg>${text}</arg>
<tag>Assertion</tag>
<tag>Getter</tag>
<tag>PageContent</tag>
<doc>Returns text attribute of the element found by ``selector``.</doc>
<msg timestamp="20231026 14:11:53.486" level="INFO">Text: '0 items left'</msg>
<status status="PASS" starttime="20231026 14:11:53.419" endtime="20231026 14:11:53.486"/>
</kw>
<status status="PASS" starttime="20231026 14:11:53.418" endtime="20231026 14:11:53.486"/>
</kw>
<kw name="Close Context" library="Browser" type="TEARDOWN">
<tag>BrowserControl</tag>
<tag>Setter</tag>
<doc>Closes a Context.</doc>
<msg timestamp="20231026 14:11:53.489" level="INFO">[
  {
    "type": "chromium",
    "id": "browser=77f6e2e6-763b-4658-b8b8-ff1ebb5f790f",
    "contexts": [
      {
        "type": "context",
        "id": "context=7bf12a51-5116-4119-ad84-78abc40cf17a",
        "activePage": "page=07a89b4a-bd1b-4d16-b2a2-819d16b1a500",
        "pages": [
          {
            "type": "page",
            "title": "React \u2022 TodoMVC",
            "url": "https://todomvc.com/examples/react/#/",
            "id": "page=07a89b4a-bd1b-4d16-b2a2-819d16b1a500",
            "timestamp": 1698318712.647
          }
        ]
      }
    ],
    "activeContext": "context=7bf12a51-5116-4119-ad84-78abc40cf17a",
    "activeBrowser": true
  }
]</msg>
<msg timestamp="20231026 14:11:53.489" level="INFO">Switching browser to CURRENT</msg>
<msg timestamp="20231026 14:11:53.491" level="INFO">Returned active browser id. CURRENT</msg>
<msg timestamp="20231026 14:11:53.491" level="INFO">Switching browser to browser=77f6e2e6-763b-4658-b8b8-ff1ebb5f790f</msg>
<msg timestamp="20231026 14:11:53.498" level="INFO">Successfully changed active browser: browser=77f6e2e6-763b-4658-b8b8-ff1ebb5f790f</msg>
<msg timestamp="20231026 14:11:53.498" level="INFO">Switching context to CURRENT in CURRENT</msg>
<msg timestamp="20231026 14:11:53.506" level="INFO">Returned active context id: CURRENT</msg>
<msg timestamp="20231026 14:11:53.507" level="INFO">Switching context to context=7bf12a51-5116-4119-ad84-78abc40cf17a in CURRENT</msg>
<msg timestamp="20231026 14:11:53.511" level="INFO">[
  {
    "type": "chromium",
    "id": "browser=77f6e2e6-763b-4658-b8b8-ff1ebb5f790f",
    "contexts": [
      {
        "type": "context",
        "id": "context=7bf12a51-5116-4119-ad84-78abc40cf17a",
        "activePage": "page=07a89b4a-bd1b-4d16-b2a2-819d16b1a500",
        "pages": [
          {
            "type": "page",
            "title": "React \u2022 TodoMVC",
            "url": "https://todomvc.com/examples/react/#/",
            "id": "page=07a89b4a-bd1b-4d16-b2a2-819d16b1a500",
            "timestamp": 1698318712.647
          }
        ]
      }
    ],
    "activeContext": "context=7bf12a51-5116-4119-ad84-78abc40cf17a",
    "activeBrowser": true
  }
]</msg>
<msg timestamp="20231026 14:11:53.516" level="INFO">Successfully changed active context: context=7bf12a51-5116-4119-ad84-78abc40cf17a</msg>
<msg timestamp="20231026 14:11:53.562" level="INFO">Successfully closed Context</msg>
<status status="PASS" starttime="20231026 14:11:53.486" endtime="20231026 14:11:53.562"/>
</kw>
<tag>Mark ToDo</tag>
<status status="PASS" starttime="20231026 14:11:52.391" endtime="20231026 14:11:53.562"/>
</test>
<test id="s1-t4" name="Check If Marked ToDos are removed" line="37">
<kw name="New Context" library="Browser" type="SETUP">
<arg>viewport={'width': 1920, 'height': 1080}</arg>
<tag>BrowserControl</tag>
<tag>Setter</tag>
<doc>Create a new BrowserContext with specified options.</doc>
<msg timestamp="20231026 14:11:53.572" level="INFO">{
  "acceptDownloads": true,
  "bypassCSP": false,
  "forcedColors": "none",
  "hideRfBrowser": "",
  "ignoreHTTPSErrors": false,
  "javaScriptEnabled": true,
  "offline": false,
  "reducedMotion": "no-preference",
  "serviceWorkers": "allow",
  "viewport": {
    "width": 1920,
    "height": 1080
  }
}</msg>
<msg timestamp="20231026 14:11:53.579" level="INFO">Successfully created context. </msg>
<msg timestamp="20231026 14:11:53.579" level="INFO">{'acceptDownloads': True, 'bypassCSP': False, 'forcedColors': 'none', 'hideRfBrowser': '', 'ignoreHTTPSErrors': False, 'javaScriptEnabled': True, 'offline': False, 'reducedMotion': 'no-preference', 'serviceWorkers': 'allow', 'viewport': {'width': 1920, 'height': 1080}}</msg>
<status status="PASS" starttime="20231026 14:11:53.572" endtime="20231026 14:11:53.579"/>
</kw>
<kw name="Given ToDo App is open">
<kw name="New Page" library="Browser">
<arg>https://todomvc.com/examples/react/</arg>
<tag>BrowserControl</tag>
<tag>Setter</tag>
<doc>Open a new Page.</doc>
<msg timestamp="20231026 14:11:54.352" level="INFO">Successfully initialized new page object and opened url: https://todomvc.com/examples/react/</msg>
<status status="PASS" starttime="20231026 14:11:53.580" endtime="20231026 14:11:54.353"/>
</kw>
<status status="PASS" starttime="20231026 14:11:53.579" endtime="20231026 14:11:54.353"/>
</kw>
<kw name="And I Added Two ToDos">
<kw name="I Add A New ToDo &quot;Learn Robot Framework&quot;" sourcename="I Add A New ToDo &quot;${todo}&quot;">
<kw name="Fill Text" library="Browser">
<arg>.new-todo</arg>
<arg>${todo}</arg>
<tag>PageContent</tag>
<tag>Setter</tag>
<doc>Clears and fills the given ``txt`` into the text field found by ``selector``.</doc>
<msg timestamp="20231026 14:11:54.355" level="INFO">Fills the text 'Learn Robot Framework' in the given field.</msg>
<status status="PASS" starttime="20231026 14:11:54.354" endtime="20231026 14:11:54.394"/>
</kw>
<kw name="Press Keys" library="Browser">
<arg>.new-todo</arg>
<arg>Enter</arg>
<tag>PageContent</tag>
<tag>Setter</tag>
<doc>Types the given key combination into element found by ``selector``.</doc>
<status status="PASS" starttime="20231026 14:11:54.394" endtime="20231026 14:11:54.470"/>
</kw>
<status status="PASS" starttime="20231026 14:11:54.354" endtime="20231026 14:11:54.470"/>
</kw>
<kw name="I Add A New ToDo &quot;Write Test Cases&quot;" sourcename="I Add A New ToDo &quot;${todo}&quot;">
<kw name="Fill Text" library="Browser">
<arg>.new-todo</arg>
<arg>${todo}</arg>
<tag>PageContent</tag>
<tag>Setter</tag>
<doc>Clears and fills the given ``txt`` into the text field found by ``selector``.</doc>
<msg timestamp="20231026 14:11:54.471" level="INFO">Fills the text 'Write Test Cases' in the given field.</msg>
<status status="PASS" starttime="20231026 14:11:54.471" endtime="20231026 14:11:54.500"/>
</kw>
<kw name="Press Keys" library="Browser">
<arg>.new-todo</arg>
<arg>Enter</arg>
<tag>PageContent</tag>
<tag>Setter</tag>
<doc>Types the given key combination into element found by ``selector``.</doc>
<status status="PASS" starttime="20231026 14:11:54.501" endtime="20231026 14:11:54.522"/>
</kw>
<status status="PASS" starttime="20231026 14:11:54.470" endtime="20231026 14:11:54.522"/>
</kw>
<status status="PASS" starttime="20231026 14:11:54.353" endtime="20231026 14:11:54.522"/>
</kw>
<kw name="When I Mark One ToDo">
<kw name="Click" library="Browser">
<arg>li:first-child &gt;&gt; input.toggle</arg>
<tag>PageContent</tag>
<tag>Setter</tag>
<doc>Simulates mouse click on the element found by ``selector``.</doc>
<status status="PASS" starttime="20231026 14:11:54.523" endtime="20231026 14:11:54.639"/>
</kw>
<status status="PASS" starttime="20231026 14:11:54.522" endtime="20231026 14:11:54.640"/>
</kw>
<kw name="Then Open ToDos should show &quot;1 item left&quot;" sourcename="Open ToDos should show &quot;${text}&quot;">
<kw name="Get Text" library="Browser">
<arg>span.todo-count</arg>
<arg>==</arg>
<arg>${text}</arg>
<tag>Assertion</tag>
<tag>Getter</tag>
<tag>PageContent</tag>
<doc>Returns text attribute of the element found by ``selector``.</doc>
<msg timestamp="20231026 14:11:54.664" level="INFO">Text: '1 item left'</msg>
<status status="PASS" starttime="20231026 14:11:54.640" endtime="20231026 14:11:54.664"/>
</kw>
<status status="PASS" starttime="20231026 14:11:54.640" endtime="20231026 14:11:54.664"/>
</kw>
<kw name="Close Context" library="Browser" type="TEARDOWN">
<tag>BrowserControl</tag>
<tag>Setter</tag>
<doc>Closes a Context.</doc>
<msg timestamp="20231026 14:11:54.670" level="INFO">[
  {
    "type": "chromium",
    "id": "browser=77f6e2e6-763b-4658-b8b8-ff1ebb5f790f",
    "contexts": [
      {
        "type": "context",
        "id": "context=8d95a398-3d8f-44b8-a000-115a55247a69",
        "activePage": "page=31c056e2-6c10-4982-b35e-c89a0a40b932",
        "pages": [
          {
            "type": "page",
            "title": "React \u2022 TodoMVC",
            "url": "https://todomvc.com/examples/react/#/",
            "id": "page=31c056e2-6c10-4982-b35e-c89a0a40b932",
            "timestamp": 1698318713.766
          }
        ]
      }
    ],
    "activeContext": "context=8d95a398-3d8f-44b8-a000-115a55247a69",
    "activeBrowser": true
  }
]</msg>
<msg timestamp="20231026 14:11:54.670" level="INFO">Switching browser to CURRENT</msg>
<msg timestamp="20231026 14:11:54.672" level="INFO">Returned active browser id. CURRENT</msg>
<msg timestamp="20231026 14:11:54.672" level="INFO">Switching browser to browser=77f6e2e6-763b-4658-b8b8-ff1ebb5f790f</msg>
<msg timestamp="20231026 14:11:54.676" level="INFO">Successfully changed active browser: browser=77f6e2e6-763b-4658-b8b8-ff1ebb5f790f</msg>
<msg timestamp="20231026 14:11:54.676" level="INFO">Switching context to CURRENT in CURRENT</msg>
<msg timestamp="20231026 14:11:54.685" level="INFO">Returned active context id: CURRENT</msg>
<msg timestamp="20231026 14:11:54.686" level="INFO">Switching context to context=8d95a398-3d8f-44b8-a000-115a55247a69 in CURRENT</msg>
<msg timestamp="20231026 14:11:54.694" level="INFO">[
  {
    "type": "chromium",
    "id": "browser=77f6e2e6-763b-4658-b8b8-ff1ebb5f790f",
    "contexts": [
      {
        "type": "context",
        "id": "context=8d95a398-3d8f-44b8-a000-115a55247a69",
        "activePage": "page=31c056e2-6c10-4982-b35e-c89a0a40b932",
        "pages": [
          {
            "type": "page",
            "title": "React \u2022 TodoMVC",
            "url": "https://todomvc.com/examples/react/#/",
            "id": "page=31c056e2-6c10-4982-b35e-c89a0a40b932",
            "timestamp": 1698318713.766
          }
        ]
      }
    ],
    "activeContext": "context=8d95a398-3d8f-44b8-a000-115a55247a69",
    "activeBrowser": true
  }
]</msg>
<msg timestamp="20231026 14:11:54.700" level="INFO">Successfully changed active context: context=8d95a398-3d8f-44b8-a000-115a55247a69</msg>
<msg timestamp="20231026 14:11:54.729" level="INFO">Successfully closed Context</msg>
<status status="PASS" starttime="20231026 14:11:54.665" endtime="20231026 14:11:54.730"/>
</kw>
<status status="PASS" starttime="20231026 14:11:53.570" endtime="20231026 14:11:54.730"/>
</test>
<test id="s1-t5" name="Split ToDos" line="43">
<kw name="New Context" library="Browser" type="SETUP">
<arg>viewport={'width': 1920, 'height': 1080}</arg>
<tag>BrowserControl</tag>
<tag>Setter</tag>
<doc>Create a new BrowserContext with specified options.</doc>
<msg timestamp="20231026 14:11:54.747" level="INFO">{
  "acceptDownloads": true,
  "bypassCSP": false,
  "forcedColors": "none",
  "hideRfBrowser": "",
  "ignoreHTTPSErrors": false,
  "javaScriptEnabled": true,
  "offline": false,
  "reducedMotion": "no-preference",
  "serviceWorkers": "allow",
  "viewport": {
    "width": 1920,
    "height": 1080
  }
}</msg>
<msg timestamp="20231026 14:11:54.757" level="INFO">Successfully created context. </msg>
<msg timestamp="20231026 14:11:54.757" level="INFO">{'acceptDownloads': True, 'bypassCSP': False, 'forcedColors': 'none', 'hideRfBrowser': '', 'ignoreHTTPSErrors': False, 'javaScriptEnabled': True, 'offline': False, 'reducedMotion': 'no-preference', 'serviceWorkers': 'allow', 'viewport': {'width': 1920, 'height': 1080}}</msg>
<status status="PASS" starttime="20231026 14:11:54.747" endtime="20231026 14:11:54.757"/>
</kw>
<kw name="Given ToDo App is open">
<kw name="New Page" library="Browser">
<arg>https://todomvc.com/examples/react/</arg>
<tag>BrowserControl</tag>
<tag>Setter</tag>
<doc>Open a new Page.</doc>
<msg timestamp="20231026 14:11:55.577" level="INFO">Successfully initialized new page object and opened url: https://todomvc.com/examples/react/</msg>
<status status="PASS" starttime="20231026 14:11:54.758" endtime="20231026 14:11:55.577"/>
</kw>
<status status="PASS" starttime="20231026 14:11:54.758" endtime="20231026 14:11:55.578"/>
</kw>
<kw name="When I Add New ToDos &quot;Learn Robot Framework&amp;Write Test Cases&amp;Sleep&quot;" sourcename="I Add New ToDos &quot;${todo}&quot;">
<if>
<branch type="IF" condition="&quot;&amp;&quot; in $todo">
<kw name="Split String" library="String">
<var>@{todos}</var>
<arg>${todo}</arg>
<arg>separator=&amp;</arg>
<doc>Splits the ``string`` using ``separator`` as a delimiter string.</doc>
<msg timestamp="20231026 14:11:55.583" level="INFO">@{todos} = [ Learn Robot Framework | Write Test Cases | Sleep ]</msg>
<status status="PASS" starttime="20231026 14:11:55.583" endtime="20231026 14:11:55.583"/>
</kw>
<for flavor="IN">
<var>${item}</var>
<value>@{todos}</value>
<iter>
<var name="${item}">Learn Robot Framework</var>
<kw name="Fill Text" library="Browser">
<arg>.new-todo</arg>
<arg>${item}</arg>
<tag>PageContent</tag>
<tag>Setter</tag>
<doc>Clears and fills the given ``txt`` into the text field found by ``selector``.</doc>
<msg timestamp="20231026 14:11:55.584" level="INFO">Fills the text 'Learn Robot Framework' in the given field.</msg>
<status status="PASS" starttime="20231026 14:11:55.584" endtime="20231026 14:11:55.623"/>
</kw>
<kw name="Press Keys" library="Browser">
<arg>.new-todo</arg>
<arg>Enter</arg>
<tag>PageContent</tag>
<tag>Setter</tag>
<doc>Types the given key combination into element found by ``selector``.</doc>
<status status="PASS" starttime="20231026 14:11:55.623" endtime="20231026 14:11:55.691"/>
</kw>
<status status="PASS" starttime="20231026 14:11:55.584" endtime="20231026 14:11:55.692"/>
</iter>
<iter>
<var name="${item}">Write Test Cases</var>
<kw name="Fill Text" library="Browser">
<arg>.new-todo</arg>
<arg>${item}</arg>
<tag>PageContent</tag>
<tag>Setter</tag>
<doc>Clears and fills the given ``txt`` into the text field found by ``selector``.</doc>
<msg timestamp="20231026 14:11:55.693" level="INFO">Fills the text 'Write Test Cases' in the given field.</msg>
<status status="PASS" starttime="20231026 14:11:55.692" endtime="20231026 14:11:55.714"/>
</kw>
<kw name="Press Keys" library="Browser">
<arg>.new-todo</arg>
<arg>Enter</arg>
<tag>PageContent</tag>
<tag>Setter</tag>
<doc>Types the given key combination into element found by ``selector``.</doc>
<status status="PASS" starttime="20231026 14:11:55.714" endtime="20231026 14:11:55.728"/>
</kw>
<status status="PASS" starttime="20231026 14:11:55.692" endtime="20231026 14:11:55.728"/>
</iter>
<iter>
<var name="${item}">Sleep</var>
<kw name="Fill Text" library="Browser">
<arg>.new-todo</arg>
<arg>${item}</arg>
<tag>PageContent</tag>
<tag>Setter</tag>
<doc>Clears and fills the given ``txt`` into the text field found by ``selector``.</doc>
<msg timestamp="20231026 14:11:55.728" level="INFO">Fills the text 'Sleep' in the given field.</msg>
<status status="PASS" starttime="20231026 14:11:55.728" endtime="20231026 14:11:55.758"/>
</kw>
<kw name="Press Keys" library="Browser">
<arg>.new-todo</arg>
<arg>Enter</arg>
<tag>PageContent</tag>
<tag>Setter</tag>
<doc>Types the given key combination into element found by ``selector``.</doc>
<status status="PASS" starttime="20231026 14:11:55.758" endtime="20231026 14:11:55.773"/>
</kw>
<status status="PASS" starttime="20231026 14:11:55.728" endtime="20231026 14:11:55.774"/>
</iter>
<status status="PASS" starttime="20231026 14:11:55.583" endtime="20231026 14:11:55.774"/>
</for>
<status status="PASS" starttime="20231026 14:11:55.579" endtime="20231026 14:11:55.774"/>
</branch>
<branch type="ELSE">
<kw name="Fill Text" library="Browser">
<arg>.new-todo</arg>
<arg>${todo}</arg>
<tag>PageContent</tag>
<tag>Setter</tag>
<doc>Clears and fills the given ``txt`` into the text field found by ``selector``.</doc>
<status status="NOT RUN" starttime="20231026 14:11:55.774" endtime="20231026 14:11:55.775"/>
</kw>
<kw name="Press Keys" library="Browser">
<arg>.new-todo</arg>
<arg>Enter</arg>
<tag>PageContent</tag>
<tag>Setter</tag>
<doc>Types the given key combination into element found by ``selector``.</doc>
<status status="NOT RUN" starttime="20231026 14:11:55.775" endtime="20231026 14:11:55.775"/>
</kw>
<status status="NOT RUN" starttime="20231026 14:11:55.774" endtime="20231026 14:11:55.775"/>
</branch>
<status status="PASS" starttime="20231026 14:11:55.579" endtime="20231026 14:11:55.775"/>
</if>
<status status="PASS" starttime="20231026 14:11:55.578" endtime="20231026 14:11:55.775"/>
</kw>
<kw name="Then Open ToDos should show &quot;3 items left&quot;" sourcename="Open ToDos should show &quot;${text}&quot;">
<kw name="Get Text" library="Browser">
<arg>span.todo-count</arg>
<arg>==</arg>
<arg>${text}</arg>
<tag>Assertion</tag>
<tag>Getter</tag>
<tag>PageContent</tag>
<doc>Returns text attribute of the element found by ``selector``.</doc>
<msg timestamp="20231026 14:11:55.806" level="INFO">Text: '3 items left'</msg>
<status status="PASS" starttime="20231026 14:11:55.776" endtime="20231026 14:11:55.807"/>
</kw>
<status status="PASS" starttime="20231026 14:11:55.776" endtime="20231026 14:11:55.807"/>
</kw>
<kw name="Close Context" library="Browser" type="TEARDOWN">
<tag>BrowserControl</tag>
<tag>Setter</tag>
<doc>Closes a Context.</doc>
<msg timestamp="20231026 14:11:55.810" level="INFO">[
  {
    "type": "chromium",
    "id": "browser=77f6e2e6-763b-4658-b8b8-ff1ebb5f790f",
    "contexts": [
      {
        "type": "context",
        "id": "context=7ca51106-74d4-4f09-ae3d-3223f5dd659c",
        "activePage": "page=dfa047d7-422f-4b38-829e-9d3fc616a576",
        "pages": [
          {
            "type": "page",
            "title": "React \u2022 TodoMVC",
            "url": "https://todomvc.com/examples/react/#/",
            "id": "page=dfa047d7-422f-4b38-829e-9d3fc616a576",
            "timestamp": 1698318715.026
          }
        ]
      }
    ],
    "activeContext": "context=7ca51106-74d4-4f09-ae3d-3223f5dd659c",
    "activeBrowser": true
  }
]</msg>
<msg timestamp="20231026 14:11:55.810" level="INFO">Switching browser to CURRENT</msg>
<msg timestamp="20231026 14:11:55.812" level="INFO">Returned active browser id. CURRENT</msg>
<msg timestamp="20231026 14:11:55.812" level="INFO">Switching browser to browser=77f6e2e6-763b-4658-b8b8-ff1ebb5f790f</msg>
<msg timestamp="20231026 14:11:55.814" level="INFO">Successfully changed active browser: browser=77f6e2e6-763b-4658-b8b8-ff1ebb5f790f</msg>
<msg timestamp="20231026 14:11:55.814" level="INFO">Switching context to CURRENT in CURRENT</msg>
<msg timestamp="20231026 14:11:55.823" level="INFO">Returned active context id: CURRENT</msg>
<msg timestamp="20231026 14:11:55.824" level="INFO">Switching context to context=7ca51106-74d4-4f09-ae3d-3223f5dd659c in CURRENT</msg>
<msg timestamp="20231026 14:11:55.829" level="INFO">[
  {
    "type": "chromium",
    "id": "browser=77f6e2e6-763b-4658-b8b8-ff1ebb5f790f",
    "contexts": [
      {
        "type": "context",
        "id": "context=7ca51106-74d4-4f09-ae3d-3223f5dd659c",
        "activePage": "page=dfa047d7-422f-4b38-829e-9d3fc616a576",
        "pages": [
          {
            "type": "page",
            "title": "React \u2022 TodoMVC",
            "url": "https://todomvc.com/examples/react/#/",
            "id": "page=dfa047d7-422f-4b38-829e-9d3fc616a576",
            "timestamp": 1698318715.026
          }
        ]
      }
    ],
    "activeContext": "context=7ca51106-74d4-4f09-ae3d-3223f5dd659c",
    "activeBrowser": true
  }
]</msg>
<msg timestamp="20231026 14:11:55.834" level="INFO">Successfully changed active context: context=7ca51106-74d4-4f09-ae3d-3223f5dd659c</msg>
<msg timestamp="20231026 14:11:55.865" level="INFO">Successfully closed Context</msg>
<status status="PASS" starttime="20231026 14:11:55.807" endtime="20231026 14:11:55.865"/>
</kw>
<status status="PASS" starttime="20231026 14:11:54.744" endtime="20231026 14:11:55.865"/>
</test>
<test id="s1-t6" name="Add A Lot Of Todos" line="48">
<kw name="New Context" library="Browser" type="SETUP">
<arg>viewport={'width': 1920, 'height': 1080}</arg>
<tag>BrowserControl</tag>
<tag>Setter</tag>
<doc>Create a new BrowserContext with specified options.</doc>
<msg timestamp="20231026 14:11:55.878" level="INFO">{
  "acceptDownloads": true,
  "bypassCSP": false,
  "forcedColors": "none",
  "hideRfBrowser": "",
  "ignoreHTTPSErrors": false,
  "javaScriptEnabled": true,
  "offline": false,
  "reducedMotion": "no-preference",
  "serviceWorkers": "allow",
  "viewport": {
    "width": 1920,
    "height": 1080
  }
}</msg>
<msg timestamp="20231026 14:11:55.888" level="INFO">Successfully created context. </msg>
<msg timestamp="20231026 14:11:55.888" level="INFO">{'acceptDownloads': True, 'bypassCSP': False, 'forcedColors': 'none', 'hideRfBrowser': '', 'ignoreHTTPSErrors': False, 'javaScriptEnabled': True, 'offline': False, 'reducedMotion': 'no-preference', 'serviceWorkers': 'allow', 'viewport': {'width': 1920, 'height': 1080}}</msg>
<status status="PASS" starttime="20231026 14:11:55.877" endtime="20231026 14:11:55.889"/>
</kw>
<kw name="Given ToDo App is open">
<kw name="New Page" library="Browser">
<arg>https://todomvc.com/examples/react/</arg>
<tag>BrowserControl</tag>
<tag>Setter</tag>
<doc>Open a new Page.</doc>
<msg timestamp="20231026 14:11:56.658" level="INFO">Successfully initialized new page object and opened url: https://todomvc.com/examples/react/</msg>
<status status="PASS" starttime="20231026 14:11:55.889" endtime="20231026 14:11:56.659"/>
</kw>
<status status="PASS" starttime="20231026 14:11:55.889" endtime="20231026 14:11:56.659"/>
</kw>
<kw name="When I Add &quot;100&quot; ToDos" sourcename="I Add &quot;${count}&quot; ToDos">
<for flavor="IN RANGE">
<var>${index}</var>
<value>${count}</value>
<iter>
<var name="${index}">0</var>
<kw name="I Add A New ToDo &quot;My ToDo Number ${index}&quot;" sourcename="I Add A New ToDo &quot;${todo}&quot;">
<kw name="Fill Text" library="Browser">
<arg>.new-todo</arg>
<arg>${todo}</arg>
<tag>PageContent</tag>
<tag>Setter</tag>
<doc>Clears and fills the given ``txt`` into the text field found by ``selector``.</doc>
<msg timestamp="20231026 14:11:56.662" level="INFO">Fills the text 'My ToDo Number 0' in the given field.</msg>
<status status="PASS" starttime="20231026 14:11:56.661" endtime="20231026 14:11:56.700"/>
</kw>
<kw name="Press Keys" library="Browser">
<arg>.new-todo</arg>
<arg>Enter</arg>
<tag>PageContent</tag>
<tag>Setter</tag>
<doc>Types the given key combination into element found by ``selector``.</doc>
<status status="PASS" starttime="20231026 14:11:56.700" endtime="20231026 14:11:56.776"/>
</kw>
<status status="PASS" starttime="20231026 14:11:56.661" endtime="20231026 14:11:56.776"/>
</kw>
<status status="PASS" starttime="20231026 14:11:56.660" endtime="20231026 14:11:56.777"/>
</iter>
<iter>
<var name="${index}">1</var>
<kw name="I Add A New ToDo &quot;My ToDo Number ${index}&quot;" sourcename="I Add A New ToDo &quot;${todo}&quot;">
<kw name="Fill Text" library="Browser">
<arg>.new-todo</arg>
<arg>${todo}</arg>
<tag>PageContent</tag>
<tag>Setter</tag>
<doc>Clears and fills the given ``txt`` into the text field found by ``selector``.</doc>
<msg timestamp="20231026 14:11:56.778" level="INFO">Fills the text 'My ToDo Number 1' in the given field.</msg>
<status status="PASS" starttime="20231026 14:11:56.778" endtime="20231026 14:11:56.801"/>
</kw>
<kw name="Press Keys" library="Browser">
<arg>.new-todo</arg>
<arg>Enter</arg>
<tag>PageContent</tag>
<tag>Setter</tag>
<doc>Types the given key combination into element found by ``selector``.</doc>
<status status="PASS" starttime="20231026 14:11:56.801" endtime="20231026 14:11:56.839"/>
</kw>
<status status="PASS" starttime="20231026 14:11:56.777" endtime="20231026 14:11:56.839"/>
</kw>
<status status="PASS" starttime="20231026 14:11:56.777" endtime="20231026 14:11:56.839"/>
</iter>
<iter>
<var name="${index}">2</var>
<kw name="I Add A New ToDo &quot;My ToDo Number ${index}&quot;" sourcename="I Add A New ToDo &quot;${todo}&quot;">
<kw name="Fill Text" library="Browser">
<arg>.new-todo</arg>
<arg>${todo}</arg>
<tag>PageContent</tag>
<tag>Setter</tag>
<doc>Clears and fills the given ``txt`` into the text field found by ``selector``.</doc>
<msg timestamp="20231026 14:11:56.840" level="INFO">Fills the text 'My ToDo Number 2' in the given field.</msg>
<status status="PASS" starttime="20231026 14:11:56.840" endtime="20231026 14:11:56.861"/>
</kw>
<kw name="Press Keys" library="Browser">
<arg>.new-todo</arg>
<arg>Enter</arg>
<tag>PageContent</tag>
<tag>Setter</tag>
<doc>Types the given key combination into element found by ``selector``.</doc>
<status status="PASS" starttime="20231026 14:11:56.861" endtime="20231026 14:11:56.873"/>
</kw>
<status status="PASS" starttime="20231026 14:11:56.839" endtime="20231026 14:11:56.873"/>
</kw>
<status status="PASS" starttime="20231026 14:11:56.839" endtime="20231026 14:11:56.873"/>
</iter>
<iter>
<var name="${index}">3</var>
<kw name="I Add A New ToDo &quot;My ToDo Number ${index}&quot;" sourcename="I Add A New ToDo &quot;${todo}&quot;">
<kw name="Fill Text" library="Browser">
<arg>.new-todo</arg>
<arg>${todo}</arg>
<tag>PageContent</tag>
<tag>Setter</tag>
<doc>Clears and fills the given ``txt`` into the text field found by ``selector``.</doc>
<msg timestamp="20231026 14:11:56.874" level="INFO">Fills the text 'My ToDo Number 3' in the given field.</msg>
<status status="PASS" starttime="20231026 14:11:56.874" endtime="20231026 14:11:56.896"/>
</kw>
<kw name="Press Keys" library="Browser">
<arg>.new-todo</arg>
<arg>Enter</arg>
<tag>PageContent</tag>
<tag>Setter</tag>
<doc>Types the given key combination into element found by ``selector``.</doc>
<status status="PASS" starttime="20231026 14:11:56.896" endtime="20231026 14:11:56.913"/>
</kw>
<status status="PASS" starttime="20231026 14:11:56.874" endtime="20231026 14:11:56.913"/>
</kw>
<status status="PASS" starttime="20231026 14:11:56.874" endtime="20231026 14:11:56.913"/>
</iter>
<iter>
<var name="${index}">4</var>
<kw name="I Add A New ToDo &quot;My ToDo Number ${index}&quot;" sourcename="I Add A New ToDo &quot;${todo}&quot;">
<kw name="Fill Text" library="Browser">
<arg>.new-todo</arg>
<arg>${todo}</arg>
<tag>PageContent</tag>
<tag>Setter</tag>
<doc>Clears and fills the given ``txt`` into the text field found by ``selector``.</doc>
<msg timestamp="20231026 14:11:56.914" level="INFO">Fills the text 'My ToDo Number 4' in the given field.</msg>
<status status="PASS" starttime="20231026 14:11:56.914" endtime="20231026 14:11:56.936"/>
</kw>
<kw name="Press Keys" library="Browser">
<arg>.new-todo</arg>
<arg>Enter</arg>
<tag>PageContent</tag>
<tag>Setter</tag>
<doc>Types the given key combination into element found by ``selector``.</doc>
<status status="PASS" starttime="20231026 14:11:56.936" endtime="20231026 14:11:56.955"/>
</kw>
<status status="PASS" starttime="20231026 14:11:56.914" endtime="20231026 14:11:56.955"/>
</kw>
<status status="PASS" starttime="20231026 14:11:56.914" endtime="20231026 14:11:56.955"/>
</iter>
<iter>
<var name="${index}">5</var>
<kw name="I Add A New ToDo &quot;My ToDo Number ${index}&quot;" sourcename="I Add A New ToDo &quot;${todo}&quot;">
<kw name="Fill Text" library="Browser">
<arg>.new-todo</arg>
<arg>${todo}</arg>
<tag>PageContent</tag>
<tag>Setter</tag>
<doc>Clears and fills the given ``txt`` into the text field found by ``selector``.</doc>
<msg timestamp="20231026 14:11:56.956" level="INFO">Fills the text 'My ToDo Number 5' in the given field.</msg>
<status status="PASS" starttime="20231026 14:11:56.956" endtime="20231026 14:11:57.023"/>
</kw>
<kw name="Press Keys" library="Browser">
<arg>.new-todo</arg>
<arg>Enter</arg>
<tag>PageContent</tag>
<tag>Setter</tag>
<doc>Types the given key combination into element found by ``selector``.</doc>
<status status="PASS" starttime="20231026 14:11:57.024" endtime="20231026 14:11:57.045"/>
</kw>
<status status="PASS" starttime="20231026 14:11:56.955" endtime="20231026 14:11:57.046"/>
</kw>
<status status="PASS" starttime="20231026 14:11:56.955" endtime="20231026 14:11:57.046"/>
</iter>
<iter>
<var name="${index}">6</var>
<kw name="I Add A New ToDo &quot;My ToDo Number ${index}&quot;" sourcename="I Add A New ToDo &quot;${todo}&quot;">
<kw name="Fill Text" library="Browser">
<arg>.new-todo</arg>
<arg>${todo}</arg>
<tag>PageContent</tag>
<tag>Setter</tag>
<doc>Clears and fills the given ``txt`` into the text field found by ``selector``.</doc>
<msg timestamp="20231026 14:11:57.047" level="INFO">Fills the text 'My ToDo Number 6' in the given field.</msg>
<status status="PASS" starttime="20231026 14:11:57.046" endtime="20231026 14:11:57.071"/>
</kw>
<kw name="Press Keys" library="Browser">
<arg>.new-todo</arg>
<arg>Enter</arg>
<tag>PageContent</tag>
<tag>Setter</tag>
<doc>Types the given key combination into element found by ``selector``.</doc>
<status status="PASS" starttime="20231026 14:11:57.071" endtime="20231026 14:11:57.082"/>
</kw>
<status status="PASS" starttime="20231026 14:11:57.046" endtime="20231026 14:11:57.082"/>
</kw>
<status status="PASS" starttime="20231026 14:11:57.046" endtime="20231026 14:11:57.082"/>
</iter>
<iter>
<var name="${index}">7</var>
<kw name="I Add A New ToDo &quot;My ToDo Number ${index}&quot;" sourcename="I Add A New ToDo &quot;${todo}&quot;">
<kw name="Fill Text" library="Browser">
<arg>.new-todo</arg>
<arg>${todo}</arg>
<tag>PageContent</tag>
<tag>Setter</tag>
<doc>Clears and fills the given ``txt`` into the text field found by ``selector``.</doc>
<msg timestamp="20231026 14:11:57.083" level="INFO">Fills the text 'My ToDo Number 7' in the given field.</msg>
<status status="PASS" starttime="20231026 14:11:57.083" endtime="20231026 14:11:57.105"/>
</kw>
<kw name="Press Keys" library="Browser">
<arg>.new-todo</arg>
<arg>Enter</arg>
<tag>PageContent</tag>
<tag>Setter</tag>
<doc>Types the given key combination into element found by ``selector``.</doc>
<status status="PASS" starttime="20231026 14:11:57.105" endtime="20231026 14:11:57.122"/>
</kw>
<status status="PASS" starttime="20231026 14:11:57.082" endtime="20231026 14:11:57.122"/>
</kw>
<status status="PASS" starttime="20231026 14:11:57.082" endtime="20231026 14:11:57.122"/>
</iter>
<iter>
<var name="${index}">8</var>
<kw name="I Add A New ToDo &quot;My ToDo Number ${index}&quot;" sourcename="I Add A New ToDo &quot;${todo}&quot;">
<kw name="Fill Text" library="Browser">
<arg>.new-todo</arg>
<arg>${todo}</arg>
<tag>PageContent</tag>
<tag>Setter</tag>
<doc>Clears and fills the given ``txt`` into the text field found by ``selector``.</doc>
<msg timestamp="20231026 14:11:57.123" level="INFO">Fills the text 'My ToDo Number 8' in the given field.</msg>
<status status="PASS" starttime="20231026 14:11:57.123" endtime="20231026 14:11:57.138"/>
</kw>
<kw name="Press Keys" library="Browser">
<arg>.new-todo</arg>
<arg>Enter</arg>
<tag>PageContent</tag>
<tag>Setter</tag>
<doc>Types the given key combination into element found by ``selector``.</doc>
<status status="PASS" starttime="20231026 14:11:57.139" endtime="20231026 14:11:57.149"/>
</kw>
<status status="PASS" starttime="20231026 14:11:57.122" endtime="20231026 14:11:57.149"/>
</kw>
<status status="PASS" starttime="20231026 14:11:57.122" endtime="20231026 14:11:57.149"/>
</iter>
<iter>
<var name="${index}">9</var>
<kw name="I Add A New ToDo &quot;My ToDo Number ${index}&quot;" sourcename="I Add A New ToDo &quot;${todo}&quot;">
<kw name="Fill Text" library="Browser">
<arg>.new-todo</arg>
<arg>${todo}</arg>
<tag>PageContent</tag>
<tag>Setter</tag>
<doc>Clears and fills the given ``txt`` into the text field found by ``selector``.</doc>
<msg timestamp="20231026 14:11:57.150" level="INFO">Fills the text 'My ToDo Number 9' in the given field.</msg>
<status status="PASS" starttime="20231026 14:11:57.149" endtime="20231026 14:11:57.168"/>
</kw>
<kw name="Press Keys" library="Browser">
<arg>.new-todo</arg>
<arg>Enter</arg>
<tag>PageContent</tag>
<tag>Setter</tag>
<doc>Types the given key combination into element found by ``selector``.</doc>
<status status="PASS" starttime="20231026 14:11:57.168" endtime="20231026 14:11:57.190"/>
</kw>
<status status="PASS" starttime="20231026 14:11:57.149" endtime="20231026 14:11:57.190"/>
</kw>
<status status="PASS" starttime="20231026 14:11:57.149" endtime="20231026 14:11:57.191"/>
</iter>
<iter>
<var name="${index}">10</var>
<kw name="I Add A New ToDo &quot;My ToDo Number ${index}&quot;" sourcename="I Add A New ToDo &quot;${todo}&quot;">
<kw name="Fill Text" library="Browser">
<arg>.new-todo</arg>
<arg>${todo}</arg>
<tag>PageContent</tag>
<tag>Setter</tag>
<doc>Clears and fills the given ``txt`` into the text field found by ``selector``.</doc>
<msg timestamp="20231026 14:11:57.192" level="INFO">Fills the text 'My ToDo Number 10' in the given field.</msg>
<status status="PASS" starttime="20231026 14:11:57.192" endtime="20231026 14:11:57.220"/>
</kw>
<kw name="Press Keys" library="Browser">
<arg>.new-todo</arg>
<arg>Enter</arg>
<tag>PageContent</tag>
<tag>Setter</tag>
<doc>Types the given key combination into element found by ``selector``.</doc>
<status status="PASS" starttime="20231026 14:11:57.221" endtime="20231026 14:11:57.232"/>
</kw>
<status status="PASS" starttime="20231026 14:11:57.191" endtime="20231026 14:11:57.233"/>
</kw>
<status status="PASS" starttime="20231026 14:11:57.191" endtime="20231026 14:11:57.233"/>
</iter>
<iter>
<var name="${index}">11</var>
<kw name="I Add A New ToDo &quot;My ToDo Number ${index}&quot;" sourcename="I Add A New ToDo &quot;${todo}&quot;">
<kw name="Fill Text" library="Browser">
<arg>.new-todo</arg>
<arg>${todo}</arg>
<tag>PageContent</tag>
<tag>Setter</tag>
<doc>Clears and fills the given ``txt`` into the text field found by ``selector``.</doc>
<msg timestamp="20231026 14:11:57.233" level="INFO">Fills the text 'My ToDo Number 11' in the given field.</msg>
<status status="PASS" starttime="20231026 14:11:57.233" endtime="20231026 14:11:57.253"/>
</kw>
<kw name="Press Keys" library="Browser">
<arg>.new-todo</arg>
<arg>Enter</arg>
<tag>PageContent</tag>
<tag>Setter</tag>
<doc>Types the given key combination into element found by ``selector``.</doc>
<status status="PASS" starttime="20231026 14:11:57.253" endtime="20231026 14:11:57.263"/>
</kw>
<status status="PASS" starttime="20231026 14:11:57.233" endtime="20231026 14:11:57.263"/>
</kw>
<status status="PASS" starttime="20231026 14:11:57.233" endtime="20231026 14:11:57.263"/>
</iter>
<iter>
<var name="${index}">12</var>
<kw name="I Add A New ToDo &quot;My ToDo Number ${index}&quot;" sourcename="I Add A New ToDo &quot;${todo}&quot;">
<kw name="Fill Text" library="Browser">
<arg>.new-todo</arg>
<arg>${todo}</arg>
<tag>PageContent</tag>
<tag>Setter</tag>
<doc>Clears and fills the given ``txt`` into the text field found by ``selector``.</doc>
<msg timestamp="20231026 14:11:57.265" level="INFO">Fills the text 'My ToDo Number 12' in the given field.</msg>
<status status="PASS" starttime="20231026 14:11:57.264" endtime="20231026 14:11:57.283"/>
</kw>
<kw name="Press Keys" library="Browser">
<arg>.new-todo</arg>
<arg>Enter</arg>
<tag>PageContent</tag>
<tag>Setter</tag>
<doc>Types the given key combination into element found by ``selector``.</doc>
<status status="PASS" starttime="20231026 14:11:57.283" endtime="20231026 14:11:57.296"/>
</kw>
<status status="PASS" starttime="20231026 14:11:57.264" endtime="20231026 14:11:57.296"/>
</kw>
<status status="PASS" starttime="20231026 14:11:57.263" endtime="20231026 14:11:57.296"/>
</iter>
<iter>
<var name="${index}">13</var>
<kw name="I Add A New ToDo &quot;My ToDo Number ${index}&quot;" sourcename="I Add A New ToDo &quot;${todo}&quot;">
<kw name="Fill Text" library="Browser">
<arg>.new-todo</arg>
<arg>${todo}</arg>
<tag>PageContent</tag>
<tag>Setter</tag>
<doc>Clears and fills the given ``txt`` into the text field found by ``selector``.</doc>
<msg timestamp="20231026 14:11:57.297" level="INFO">Fills the text 'My ToDo Number 13' in the given field.</msg>
<status status="PASS" starttime="20231026 14:11:57.297" endtime="20231026 14:11:57.318"/>
</kw>
<kw name="Press Keys" library="Browser">
<arg>.new-todo</arg>
<arg>Enter</arg>
<tag>PageContent</tag>
<tag>Setter</tag>
<doc>Types the given key combination into element found by ``selector``.</doc>
<status status="PASS" starttime="20231026 14:11:57.318" endtime="20231026 14:11:57.338"/>
</kw>
<status status="PASS" starttime="20231026 14:11:57.296" endtime="20231026 14:11:57.339"/>
</kw>
<status status="PASS" starttime="20231026 14:11:57.296" endtime="20231026 14:11:57.339"/>
</iter>
<iter>
<var name="${index}">14</var>
<kw name="I Add A New ToDo &quot;My ToDo Number ${index}&quot;" sourcename="I Add A New ToDo &quot;${todo}&quot;">
<kw name="Fill Text" library="Browser">
<arg>.new-todo</arg>
<arg>${todo}</arg>
<tag>PageContent</tag>
<tag>Setter</tag>
<doc>Clears and fills the given ``txt`` into the text field found by ``selector``.</doc>
<msg timestamp="20231026 14:11:57.340" level="INFO">Fills the text 'My ToDo Number 14' in the given field.</msg>
<status status="PASS" starttime="20231026 14:11:57.340" endtime="20231026 14:11:57.358"/>
</kw>
<kw name="Press Keys" library="Browser">
<arg>.new-todo</arg>
<arg>Enter</arg>
<tag>PageContent</tag>
<tag>Setter</tag>
<doc>Types the given key combination into element found by ``selector``.</doc>
<status status="PASS" starttime="20231026 14:11:57.358" endtime="20231026 14:11:57.373"/>
</kw>
<status status="PASS" starttime="20231026 14:11:57.339" endtime="20231026 14:11:57.373"/>
</kw>
<status status="PASS" starttime="20231026 14:11:57.339" endtime="20231026 14:11:57.373"/>
</iter>
<iter>
<var name="${index}">15</var>
<kw name="I Add A New ToDo &quot;My ToDo Number ${index}&quot;" sourcename="I Add A New ToDo &quot;${todo}&quot;">
<kw name="Fill Text" library="Browser">
<arg>.new-todo</arg>
<arg>${todo}</arg>
<tag>PageContent</tag>
<tag>Setter</tag>
<doc>Clears and fills the given ``txt`` into the text field found by ``selector``.</doc>
<msg timestamp="20231026 14:11:57.374" level="INFO">Fills the text 'My ToDo Number 15' in the given field.</msg>
<status status="PASS" starttime="20231026 14:11:57.374" endtime="20231026 14:11:57.407"/>
</kw>
<kw name="Press Keys" library="Browser">
<arg>.new-todo</arg>
<arg>Enter</arg>
<tag>PageContent</tag>
<tag>Setter</tag>
<doc>Types the given key combination into element found by ``selector``.</doc>
<status status="PASS" starttime="20231026 14:11:57.408" endtime="20231026 14:11:57.420"/>
</kw>
<status status="PASS" starttime="20231026 14:11:57.374" endtime="20231026 14:11:57.420"/>
</kw>
<status status="PASS" starttime="20231026 14:11:57.373" endtime="20231026 14:11:57.420"/>
</iter>
<iter>
<var name="${index}">16</var>
<kw name="I Add A New ToDo &quot;My ToDo Number ${index}&quot;" sourcename="I Add A New ToDo &quot;${todo}&quot;">
<kw name="Fill Text" library="Browser">
<arg>.new-todo</arg>
<arg>${todo}</arg>
<tag>PageContent</tag>
<tag>Setter</tag>
<doc>Clears and fills the given ``txt`` into the text field found by ``selector``.</doc>
<msg timestamp="20231026 14:11:57.421" level="INFO">Fills the text 'My ToDo Number 16' in the given field.</msg>
<status status="PASS" starttime="20231026 14:11:57.421" endtime="20231026 14:11:57.452"/>
</kw>
<kw name="Press Keys" library="Browser">
<arg>.new-todo</arg>
<arg>Enter</arg>
<tag>PageContent</tag>
<tag>Setter</tag>
<doc>Types the given key combination into element found by ``selector``.</doc>
<status status="PASS" starttime="20231026 14:11:57.452" endtime="20231026 14:11:57.465"/>
</kw>
<status status="PASS" starttime="20231026 14:11:57.420" endtime="20231026 14:11:57.465"/>
</kw>
<status status="PASS" starttime="20231026 14:11:57.420" endtime="20231026 14:11:57.465"/>
</iter>
<iter>
<var name="${index}">17</var>
<kw name="I Add A New ToDo &quot;My ToDo Number ${index}&quot;" sourcename="I Add A New ToDo &quot;${todo}&quot;">
<kw name="Fill Text" library="Browser">
<arg>.new-todo</arg>
<arg>${todo}</arg>
<tag>PageContent</tag>
<tag>Setter</tag>
<doc>Clears and fills the given ``txt`` into the text field found by ``selector``.</doc>
<msg timestamp="20231026 14:11:57.466" level="INFO">Fills the text 'My ToDo Number 17' in the given field.</msg>
<status status="PASS" starttime="20231026 14:11:57.465" endtime="20231026 14:11:57.488"/>
</kw>
<kw name="Press Keys" library="Browser">
<arg>.new-todo</arg>
<arg>Enter</arg>
<tag>PageContent</tag>
<tag>Setter</tag>
<doc>Types the given key combination into element found by ``selector``.</doc>
<status status="PASS" starttime="20231026 14:11:57.488" endtime="20231026 14:11:57.498"/>
</kw>
<status status="PASS" starttime="20231026 14:11:57.465" endtime="20231026 14:11:57.498"/>
</kw>
<status status="PASS" starttime="20231026 14:11:57.465" endtime="20231026 14:11:57.498"/>
</iter>
<iter>
<var name="${index}">18</var>
<kw name="I Add A New ToDo &quot;My ToDo Number ${index}&quot;" sourcename="I Add A New ToDo &quot;${todo}&quot;">
<kw name="Fill Text" library="Browser">
<arg>.new-todo</arg>
<arg>${todo}</arg>
<tag>PageContent</tag>
<tag>Setter</tag>
<doc>Clears and fills the given ``txt`` into the text field found by ``selector``.</doc>
<msg timestamp="20231026 14:11:57.499" level="INFO">Fills the text 'My ToDo Number 18' in the given field.</msg>
<status status="PASS" starttime="20231026 14:11:57.498" endtime="20231026 14:11:57.520"/>
</kw>
<kw name="Press Keys" library="Browser">
<arg>.new-todo</arg>
<arg>Enter</arg>
<tag>PageContent</tag>
<tag>Setter</tag>
<doc>Types the given key combination into element found by ``selector``.</doc>
<status status="PASS" starttime="20231026 14:11:57.520" endtime="20231026 14:11:57.531"/>
</kw>
<status status="PASS" starttime="20231026 14:11:57.498" endtime="20231026 14:11:57.531"/>
</kw>
<status status="PASS" starttime="20231026 14:11:57.498" endtime="20231026 14:11:57.531"/>
</iter>
<iter>
<var name="${index}">19</var>
<kw name="I Add A New ToDo &quot;My ToDo Number ${index}&quot;" sourcename="I Add A New ToDo &quot;${todo}&quot;">
<kw name="Fill Text" library="Browser">
<arg>.new-todo</arg>
<arg>${todo}</arg>
<tag>PageContent</tag>
<tag>Setter</tag>
<doc>Clears and fills the given ``txt`` into the text field found by ``selector``.</doc>
<msg timestamp="20231026 14:11:57.533" level="INFO">Fills the text 'My ToDo Number 19' in the given field.</msg>
<status status="PASS" starttime="20231026 14:11:57.533" endtime="20231026 14:11:57.554"/>
</kw>
<kw name="Press Keys" library="Browser">
<arg>.new-todo</arg>
<arg>Enter</arg>
<tag>PageContent</tag>
<tag>Setter</tag>
<doc>Types the given key combination into element found by ``selector``.</doc>
<status status="PASS" starttime="20231026 14:11:57.554" endtime="20231026 14:11:57.567"/>
</kw>
<status status="PASS" starttime="20231026 14:11:57.532" endtime="20231026 14:11:57.567"/>
</kw>
<status status="PASS" starttime="20231026 14:11:57.532" endtime="20231026 14:11:57.567"/>
</iter>
<iter>
<var name="${index}">20</var>
<kw name="I Add A New ToDo &quot;My ToDo Number ${index}&quot;" sourcename="I Add A New ToDo &quot;${todo}&quot;">
<kw name="Fill Text" library="Browser">
<arg>.new-todo</arg>
<arg>${todo}</arg>
<tag>PageContent</tag>
<tag>Setter</tag>
<doc>Clears and fills the given ``txt`` into the text field found by ``selector``.</doc>
<msg timestamp="20231026 14:11:57.568" level="INFO">Fills the text 'My ToDo Number 20' in the given field.</msg>
<status status="PASS" starttime="20231026 14:11:57.568" endtime="20231026 14:11:57.590"/>
</kw>
<kw name="Press Keys" library="Browser">
<arg>.new-todo</arg>
<arg>Enter</arg>
<tag>PageContent</tag>
<tag>Setter</tag>
<doc>Types the given key combination into element found by ``selector``.</doc>
<status status="PASS" starttime="20231026 14:11:57.590" endtime="20231026 14:11:57.612"/>
</kw>
<status status="PASS" starttime="20231026 14:11:57.567" endtime="20231026 14:11:57.613"/>
</kw>
<status status="PASS" starttime="20231026 14:11:57.567" endtime="20231026 14:11:57.613"/>
</iter>
<iter>
<var name="${index}">21</var>
<kw name="I Add A New ToDo &quot;My ToDo Number ${index}&quot;" sourcename="I Add A New ToDo &quot;${todo}&quot;">
<kw name="Fill Text" library="Browser">
<arg>.new-todo</arg>
<arg>${todo}</arg>
<tag>PageContent</tag>
<tag>Setter</tag>
<doc>Clears and fills the given ``txt`` into the text field found by ``selector``.</doc>
<msg timestamp="20231026 14:11:57.614" level="INFO">Fills the text 'My ToDo Number 21' in the given field.</msg>
<status status="PASS" starttime="20231026 14:11:57.614" endtime="20231026 14:11:57.627"/>
</kw>
<kw name="Press Keys" library="Browser">
<arg>.new-todo</arg>
<arg>Enter</arg>
<tag>PageContent</tag>
<tag>Setter</tag>
<doc>Types the given key combination into element found by ``selector``.</doc>
<status status="PASS" starttime="20231026 14:11:57.627" endtime="20231026 14:11:57.643"/>
</kw>
<status status="PASS" starttime="20231026 14:11:57.613" endtime="20231026 14:11:57.643"/>
</kw>
<status status="PASS" starttime="20231026 14:11:57.613" endtime="20231026 14:11:57.643"/>
</iter>
<iter>
<var name="${index}">22</var>
<kw name="I Add A New ToDo &quot;My ToDo Number ${index}&quot;" sourcename="I Add A New ToDo &quot;${todo}&quot;">
<kw name="Fill Text" library="Browser">
<arg>.new-todo</arg>
<arg>${todo}</arg>
<tag>PageContent</tag>
<tag>Setter</tag>
<doc>Clears and fills the given ``txt`` into the text field found by ``selector``.</doc>
<msg timestamp="20231026 14:11:57.644" level="INFO">Fills the text 'My ToDo Number 22' in the given field.</msg>
<status status="PASS" starttime="20231026 14:11:57.644" endtime="20231026 14:11:57.666"/>
</kw>
<kw name="Press Keys" library="Browser">
<arg>.new-todo</arg>
<arg>Enter</arg>
<tag>PageContent</tag>
<tag>Setter</tag>
<doc>Types the given key combination into element found by ``selector``.</doc>
<status status="PASS" starttime="20231026 14:11:57.667" endtime="20231026 14:11:57.681"/>
</kw>
<status status="PASS" starttime="20231026 14:11:57.644" endtime="20231026 14:11:57.681"/>
</kw>
<status status="PASS" starttime="20231026 14:11:57.644" endtime="20231026 14:11:57.681"/>
</iter>
<iter>
<var name="${index}">23</var>
<kw name="I Add A New ToDo &quot;My ToDo Number ${index}&quot;" sourcename="I Add A New ToDo &quot;${todo}&quot;">
<kw name="Fill Text" library="Browser">
<arg>.new-todo</arg>
<arg>${todo}</arg>
<tag>PageContent</tag>
<tag>Setter</tag>
<doc>Clears and fills the given ``txt`` into the text field found by ``selector``.</doc>
<msg timestamp="20231026 14:11:57.683" level="INFO">Fills the text 'My ToDo Number 23' in the given field.</msg>
<status status="PASS" starttime="20231026 14:11:57.683" endtime="20231026 14:11:57.703"/>
</kw>
<kw name="Press Keys" library="Browser">
<arg>.new-todo</arg>
<arg>Enter</arg>
<tag>PageContent</tag>
<tag>Setter</tag>
<doc>Types the given key combination into element found by ``selector``.</doc>
<status status="PASS" starttime="20231026 14:11:57.703" endtime="20231026 14:11:57.717"/>
</kw>
<status status="PASS" starttime="20231026 14:11:57.682" endtime="20231026 14:11:57.717"/>
</kw>
<status status="PASS" starttime="20231026 14:11:57.682" endtime="20231026 14:11:57.717"/>
</iter>
<iter>
<var name="${index}">24</var>
<kw name="I Add A New ToDo &quot;My ToDo Number ${index}&quot;" sourcename="I Add A New ToDo &quot;${todo}&quot;">
<kw name="Fill Text" library="Browser">
<arg>.new-todo</arg>
<arg>${todo}</arg>
<tag>PageContent</tag>
<tag>Setter</tag>
<doc>Clears and fills the given ``txt`` into the text field found by ``selector``.</doc>
<msg timestamp="20231026 14:11:57.718" level="INFO">Fills the text 'My ToDo Number 24' in the given field.</msg>
<status status="PASS" starttime="20231026 14:11:57.718" endtime="20231026 14:11:57.738"/>
</kw>
<kw name="Press Keys" library="Browser">
<arg>.new-todo</arg>
<arg>Enter</arg>
<tag>PageContent</tag>
<tag>Setter</tag>
<doc>Types the given key combination into element found by ``selector``.</doc>
<status status="PASS" starttime="20231026 14:11:57.738" endtime="20231026 14:11:57.755"/>
</kw>
<status status="PASS" starttime="20231026 14:11:57.717" endtime="20231026 14:11:57.755"/>
</kw>
<status status="PASS" starttime="20231026 14:11:57.717" endtime="20231026 14:11:57.755"/>
</iter>
<iter>
<var name="${index}">25</var>
<kw name="I Add A New ToDo &quot;My ToDo Number ${index}&quot;" sourcename="I Add A New ToDo &quot;${todo}&quot;">
<kw name="Fill Text" library="Browser">
<arg>.new-todo</arg>
<arg>${todo}</arg>
<tag>PageContent</tag>
<tag>Setter</tag>
<doc>Clears and fills the given ``txt`` into the text field found by ``selector``.</doc>
<msg timestamp="20231026 14:11:57.756" level="INFO">Fills the text 'My ToDo Number 25' in the given field.</msg>
<status status="PASS" starttime="20231026 14:11:57.756" endtime="20231026 14:11:57.779"/>
</kw>
<kw name="Press Keys" library="Browser">
<arg>.new-todo</arg>
<arg>Enter</arg>
<tag>PageContent</tag>
<tag>Setter</tag>
<doc>Types the given key combination into element found by ``selector``.</doc>
<status status="PASS" starttime="20231026 14:11:57.779" endtime="20231026 14:11:57.798"/>
</kw>
<status status="PASS" starttime="20231026 14:11:57.755" endtime="20231026 14:11:57.798"/>
</kw>
<status status="PASS" starttime="20231026 14:11:57.755" endtime="20231026 14:11:57.798"/>
</iter>
<iter>
<var name="${index}">26</var>
<kw name="I Add A New ToDo &quot;My ToDo Number ${index}&quot;" sourcename="I Add A New ToDo &quot;${todo}&quot;">
<kw name="Fill Text" library="Browser">
<arg>.new-todo</arg>
<arg>${todo}</arg>
<tag>PageContent</tag>
<tag>Setter</tag>
<doc>Clears and fills the given ``txt`` into the text field found by ``selector``.</doc>
<msg timestamp="20231026 14:11:57.799" level="INFO">Fills the text 'My ToDo Number 26' in the given field.</msg>
<status status="PASS" starttime="20231026 14:11:57.799" endtime="20231026 14:11:57.821"/>
</kw>
<kw name="Press Keys" library="Browser">
<arg>.new-todo</arg>
<arg>Enter</arg>
<tag>PageContent</tag>
<tag>Setter</tag>
<doc>Types the given key combination into element found by ``selector``.</doc>
<status status="PASS" starttime="20231026 14:11:57.821" endtime="20231026 14:11:57.838"/>
</kw>
<status status="PASS" starttime="20231026 14:11:57.798" endtime="20231026 14:11:57.838"/>
</kw>
<status status="PASS" starttime="20231026 14:11:57.798" endtime="20231026 14:11:57.838"/>
</iter>
<iter>
<var name="${index}">27</var>
<kw name="I Add A New ToDo &quot;My ToDo Number ${index}&quot;" sourcename="I Add A New ToDo &quot;${todo}&quot;">
<kw name="Fill Text" library="Browser">
<arg>.new-todo</arg>
<arg>${todo}</arg>
<tag>PageContent</tag>
<tag>Setter</tag>
<doc>Clears and fills the given ``txt`` into the text field found by ``selector``.</doc>
<msg timestamp="20231026 14:11:57.839" level="INFO">Fills the text 'My ToDo Number 27' in the given field.</msg>
<status status="PASS" starttime="20231026 14:11:57.839" endtime="20231026 14:11:57.871"/>
</kw>
<kw name="Press Keys" library="Browser">
<arg>.new-todo</arg>
<arg>Enter</arg>
<tag>PageContent</tag>
<tag>Setter</tag>
<doc>Types the given key combination into element found by ``selector``.</doc>
<status status="PASS" starttime="20231026 14:11:57.872" endtime="20231026 14:11:57.884"/>
</kw>
<status status="PASS" starttime="20231026 14:11:57.838" endtime="20231026 14:11:57.884"/>
</kw>
<status status="PASS" starttime="20231026 14:11:57.838" endtime="20231026 14:11:57.884"/>
</iter>
<iter>
<var name="${index}">28</var>
<kw name="I Add A New ToDo &quot;My ToDo Number ${index}&quot;" sourcename="I Add A New ToDo &quot;${todo}&quot;">
<kw name="Fill Text" library="Browser">
<arg>.new-todo</arg>
<arg>${todo}</arg>
<tag>PageContent</tag>
<tag>Setter</tag>
<doc>Clears and fills the given ``txt`` into the text field found by ``selector``.</doc>
<msg timestamp="20231026 14:11:57.886" level="INFO">Fills the text 'My ToDo Number 28' in the given field.</msg>
<status status="PASS" starttime="20231026 14:11:57.885" endtime="20231026 14:11:57.908"/>
</kw>
<kw name="Press Keys" library="Browser">
<arg>.new-todo</arg>
<arg>Enter</arg>
<tag>PageContent</tag>
<tag>Setter</tag>
<doc>Types the given key combination into element found by ``selector``.</doc>
<status status="PASS" starttime="20231026 14:11:57.908" endtime="20231026 14:11:57.930"/>
</kw>
<status status="PASS" starttime="20231026 14:11:57.884" endtime="20231026 14:11:57.930"/>
</kw>
<status status="PASS" starttime="20231026 14:11:57.884" endtime="20231026 14:11:57.931"/>
</iter>
<iter>
<var name="${index}">29</var>
<kw name="I Add A New ToDo &quot;My ToDo Number ${index}&quot;" sourcename="I Add A New ToDo &quot;${todo}&quot;">
<kw name="Fill Text" library="Browser">
<arg>.new-todo</arg>
<arg>${todo}</arg>
<tag>PageContent</tag>
<tag>Setter</tag>
<doc>Clears and fills the given ``txt`` into the text field found by ``selector``.</doc>
<msg timestamp="20231026 14:11:57.932" level="INFO">Fills the text 'My ToDo Number 29' in the given field.</msg>
<status status="PASS" starttime="20231026 14:11:57.932" endtime="20231026 14:11:57.953"/>
</kw>
<kw name="Press Keys" library="Browser">
<arg>.new-todo</arg>
<arg>Enter</arg>
<tag>PageContent</tag>
<tag>Setter</tag>
<doc>Types the given key combination into element found by ``selector``.</doc>
<status status="PASS" starttime="20231026 14:11:57.953" endtime="20231026 14:11:57.964"/>
</kw>
<status status="PASS" starttime="20231026 14:11:57.931" endtime="20231026 14:11:57.965"/>
</kw>
<status status="PASS" starttime="20231026 14:11:57.931" endtime="20231026 14:11:57.965"/>
</iter>
<iter>
<var name="${index}">30</var>
<kw name="I Add A New ToDo &quot;My ToDo Number ${index}&quot;" sourcename="I Add A New ToDo &quot;${todo}&quot;">
<kw name="Fill Text" library="Browser">
<arg>.new-todo</arg>
<arg>${todo}</arg>
<tag>PageContent</tag>
<tag>Setter</tag>
<doc>Clears and fills the given ``txt`` into the text field found by ``selector``.</doc>
<msg timestamp="20231026 14:11:57.966" level="INFO">Fills the text 'My ToDo Number 30' in the given field.</msg>
<status status="PASS" starttime="20231026 14:11:57.966" endtime="20231026 14:11:57.990"/>
</kw>
<kw name="Press Keys" library="Browser">
<arg>.new-todo</arg>
<arg>Enter</arg>
<tag>PageContent</tag>
<tag>Setter</tag>
<doc>Types the given key combination into element found by ``selector``.</doc>
<status status="PASS" starttime="20231026 14:11:57.990" endtime="20231026 14:11:58.008"/>
</kw>
<status status="PASS" starttime="20231026 14:11:57.965" endtime="20231026 14:11:58.008"/>
</kw>
<status status="PASS" starttime="20231026 14:11:57.965" endtime="20231026 14:11:58.009"/>
</iter>
<iter>
<var name="${index}">31</var>
<kw name="I Add A New ToDo &quot;My ToDo Number ${index}&quot;" sourcename="I Add A New ToDo &quot;${todo}&quot;">
<kw name="Fill Text" library="Browser">
<arg>.new-todo</arg>
<arg>${todo}</arg>
<tag>PageContent</tag>
<tag>Setter</tag>
<doc>Clears and fills the given ``txt`` into the text field found by ``selector``.</doc>
<msg timestamp="20231026 14:11:58.010" level="INFO">Fills the text 'My ToDo Number 31' in the given field.</msg>
<status status="PASS" starttime="20231026 14:11:58.010" endtime="20231026 14:11:58.026"/>
</kw>
<kw name="Press Keys" library="Browser">
<arg>.new-todo</arg>
<arg>Enter</arg>
<tag>PageContent</tag>
<tag>Setter</tag>
<doc>Types the given key combination into element found by ``selector``.</doc>
<status status="PASS" starttime="20231026 14:11:58.026" endtime="20231026 14:11:58.040"/>
</kw>
<status status="PASS" starttime="20231026 14:11:58.009" endtime="20231026 14:11:58.041"/>
</kw>
<status status="PASS" starttime="20231026 14:11:58.009" endtime="20231026 14:11:58.041"/>
</iter>
<iter>
<var name="${index}">32</var>
<kw name="I Add A New ToDo &quot;My ToDo Number ${index}&quot;" sourcename="I Add A New ToDo &quot;${todo}&quot;">
<kw name="Fill Text" library="Browser">
<arg>.new-todo</arg>
<arg>${todo}</arg>
<tag>PageContent</tag>
<tag>Setter</tag>
<doc>Clears and fills the given ``txt`` into the text field found by ``selector``.</doc>
<msg timestamp="20231026 14:11:58.042" level="INFO">Fills the text 'My ToDo Number 32' in the given field.</msg>
<status status="PASS" starttime="20231026 14:11:58.042" endtime="20231026 14:11:58.058"/>
</kw>
<kw name="Press Keys" library="Browser">
<arg>.new-todo</arg>
<arg>Enter</arg>
<tag>PageContent</tag>
<tag>Setter</tag>
<doc>Types the given key combination into element found by ``selector``.</doc>
<status status="PASS" starttime="20231026 14:11:58.058" endtime="20231026 14:11:58.074"/>
</kw>
<status status="PASS" starttime="20231026 14:11:58.041" endtime="20231026 14:11:58.074"/>
</kw>
<status status="PASS" starttime="20231026 14:11:58.041" endtime="20231026 14:11:58.074"/>
</iter>
<iter>
<var name="${index}">33</var>
<kw name="I Add A New ToDo &quot;My ToDo Number ${index}&quot;" sourcename="I Add A New ToDo &quot;${todo}&quot;">
<kw name="Fill Text" library="Browser">
<arg>.new-todo</arg>
<arg>${todo}</arg>
<tag>PageContent</tag>
<tag>Setter</tag>
<doc>Clears and fills the given ``txt`` into the text field found by ``selector``.</doc>
<msg timestamp="20231026 14:11:58.075" level="INFO">Fills the text 'My ToDo Number 33' in the given field.</msg>
<status status="PASS" starttime="20231026 14:11:58.075" endtime="20231026 14:11:58.099"/>
</kw>
<kw name="Press Keys" library="Browser">
<arg>.new-todo</arg>
<arg>Enter</arg>
<tag>PageContent</tag>
<tag>Setter</tag>
<doc>Types the given key combination into element found by ``selector``.</doc>
<status status="PASS" starttime="20231026 14:11:58.099" endtime="20231026 14:11:58.117"/>
</kw>
<status status="PASS" starttime="20231026 14:11:58.074" endtime="20231026 14:11:58.117"/>
</kw>
<status status="PASS" starttime="20231026 14:11:58.074" endtime="20231026 14:11:58.117"/>
</iter>
<iter>
<var name="${index}">34</var>
<kw name="I Add A New ToDo &quot;My ToDo Number ${index}&quot;" sourcename="I Add A New ToDo &quot;${todo}&quot;">
<kw name="Fill Text" library="Browser">
<arg>.new-todo</arg>
<arg>${todo}</arg>
<tag>PageContent</tag>
<tag>Setter</tag>
<doc>Clears and fills the given ``txt`` into the text field found by ``selector``.</doc>
<msg timestamp="20231026 14:11:58.119" level="INFO">Fills the text 'My ToDo Number 34' in the given field.</msg>
<status status="PASS" starttime="20231026 14:11:58.118" endtime="20231026 14:11:58.144"/>
</kw>
<kw name="Press Keys" library="Browser">
<arg>.new-todo</arg>
<arg>Enter</arg>
<tag>PageContent</tag>
<tag>Setter</tag>
<doc>Types the given key combination into element found by ``selector``.</doc>
<status status="PASS" starttime="20231026 14:11:58.144" endtime="20231026 14:11:58.176"/>
</kw>
<status status="PASS" starttime="20231026 14:11:58.118" endtime="20231026 14:11:58.176"/>
</kw>
<status status="PASS" starttime="20231026 14:11:58.117" endtime="20231026 14:11:58.176"/>
</iter>
<iter>
<var name="${index}">35</var>
<kw name="I Add A New ToDo &quot;My ToDo Number ${index}&quot;" sourcename="I Add A New ToDo &quot;${todo}&quot;">
<kw name="Fill Text" library="Browser">
<arg>.new-todo</arg>
<arg>${todo}</arg>
<tag>PageContent</tag>
<tag>Setter</tag>
<doc>Clears and fills the given ``txt`` into the text field found by ``selector``.</doc>
<msg timestamp="20231026 14:11:58.177" level="INFO">Fills the text 'My ToDo Number 35' in the given field.</msg>
<status status="PASS" starttime="20231026 14:11:58.177" endtime="20231026 14:11:58.194"/>
</kw>
<kw name="Press Keys" library="Browser">
<arg>.new-todo</arg>
<arg>Enter</arg>
<tag>PageContent</tag>
<tag>Setter</tag>
<doc>Types the given key combination into element found by ``selector``.</doc>
<status status="PASS" starttime="20231026 14:11:58.194" endtime="20231026 14:11:58.205"/>
</kw>
<status status="PASS" starttime="20231026 14:11:58.177" endtime="20231026 14:11:58.206"/>
</kw>
<status status="PASS" starttime="20231026 14:11:58.177" endtime="20231026 14:11:58.206"/>
</iter>
<iter>
<var name="${index}">36</var>
<kw name="I Add A New ToDo &quot;My ToDo Number ${index}&quot;" sourcename="I Add A New ToDo &quot;${todo}&quot;">
<kw name="Fill Text" library="Browser">
<arg>.new-todo</arg>
<arg>${todo}</arg>
<tag>PageContent</tag>
<tag>Setter</tag>
<doc>Clears and fills the given ``txt`` into the text field found by ``selector``.</doc>
<msg timestamp="20231026 14:11:58.207" level="INFO">Fills the text 'My ToDo Number 36' in the given field.</msg>
<status status="PASS" starttime="20231026 14:11:58.206" endtime="20231026 14:11:58.224"/>
</kw>
<kw name="Press Keys" library="Browser">
<arg>.new-todo</arg>
<arg>Enter</arg>
<tag>PageContent</tag>
<tag>Setter</tag>
<doc>Types the given key combination into element found by ``selector``.</doc>
<status status="PASS" starttime="20231026 14:11:58.224" endtime="20231026 14:11:58.239"/>
</kw>
<status status="PASS" starttime="20231026 14:11:58.206" endtime="20231026 14:11:58.240"/>
</kw>
[...]
<arg>.new-todo</arg>
<arg>${todo}</arg>
<tag>PageContent</tag>
<tag>Setter</tag>
<doc>Clears and fills the given ``txt`` into the text field found by ``selector``.</doc>
<msg timestamp="20231026 14:12:05.590" level="INFO">Fills the text 'My ToDo Number 89' in the given field.</msg>
<status status="PASS" starttime="20231026 14:12:05.590" endtime="20231026 14:12:05.618"/>
</kw>
<kw name="Press Keys" library="Browser">
<arg>.new-todo</arg>
<arg>Enter</arg>
<tag>PageContent</tag>
<tag>Setter</tag>
<doc>Types the given key combination into element found by ``selector``.</doc>
<status status="PASS" starttime="20231026 14:12:05.618" endtime="20231026 14:12:05.629"/>
</kw>
<status status="PASS" starttime="20231026 14:12:05.589" endtime="20231026 14:12:05.629"/>
</kw>
<status status="PASS" starttime="20231026 14:12:05.588" endtime="20231026 14:12:05.629"/>
</iter>
<iter>
<kw name="Evaluate" library="BuiltIn">
<var>${x}</var>
<arg>${x} + 1</arg>
<doc>Evaluates the given expression in Python and returns the result.</doc>
<msg timestamp="20231026 14:12:05.630" level="INFO">${x} = 90</msg>
<status status="PASS" starttime="20231026 14:12:05.630" endtime="20231026 14:12:05.630"/>
</kw>
<kw name="I Add A New ToDo &quot;My ToDo Number ${x}&quot;" sourcename="I Add A New ToDo &quot;${todo}&quot;">
<kw name="Fill Text" library="Browser">
<arg>.new-todo</arg>
<arg>${todo}</arg>
<tag>PageContent</tag>
<tag>Setter</tag>
<doc>Clears and fills the given ``txt`` into the text field found by ``selector``.</doc>
<msg timestamp="20231026 14:12:05.630" level="INFO">Fills the text 'My ToDo Number 90' in the given field.</msg>
<status status="PASS" starttime="20231026 14:12:05.630" endtime="20231026 14:12:05.651"/>
</kw>
<kw name="Press Keys" library="Browser">
<arg>.new-todo</arg>
<arg>Enter</arg>
<tag>PageContent</tag>
<tag>Setter</tag>
<doc>Types the given key combination into element found by ``selector``.</doc>
<status status="PASS" starttime="20231026 14:12:05.651" endtime="20231026 14:12:05.664"/>
</kw>
<status status="PASS" starttime="20231026 14:12:05.630" endtime="20231026 14:12:05.665"/>
</kw>
<status status="PASS" starttime="20231026 14:12:05.629" endtime="20231026 14:12:05.665"/>
</iter>
<iter>
<kw name="Evaluate" library="BuiltIn">
<var>${x}</var>
<arg>${x} + 1</arg>
<doc>Evaluates the given expression in Python and returns the result.</doc>
<msg timestamp="20231026 14:12:05.665" level="INFO">${x} = 91</msg>
<status status="PASS" starttime="20231026 14:12:05.665" endtime="20231026 14:12:05.665"/>
</kw>
<kw name="I Add A New ToDo &quot;My ToDo Number ${x}&quot;" sourcename="I Add A New ToDo &quot;${todo}&quot;">
<kw name="Fill Text" library="Browser">
<arg>.new-todo</arg>
<arg>${todo}</arg>
<tag>PageContent</tag>
<tag>Setter</tag>
<doc>Clears and fills the given ``txt`` into the text field found by ``selector``.</doc>
<msg timestamp="20231026 14:12:05.666" level="INFO">Fills the text 'My ToDo Number 91' in the given field.</msg>
<status status="PASS" starttime="20231026 14:12:05.666" endtime="20231026 14:12:05.687"/>
</kw>
<kw name="Press Keys" library="Browser">
<arg>.new-todo</arg>
<arg>Enter</arg>
<tag>PageContent</tag>
<tag>Setter</tag>
<doc>Types the given key combination into element found by ``selector``.</doc>
<status status="PASS" starttime="20231026 14:12:05.688" endtime="20231026 14:12:05.701"/>
</kw>
<status status="PASS" starttime="20231026 14:12:05.665" endtime="20231026 14:12:05.701"/>
</kw>
<status status="PASS" starttime="20231026 14:12:05.665" endtime="20231026 14:12:05.701"/>
</iter>
<iter>
<kw name="Evaluate" library="BuiltIn">
<var>${x}</var>
<arg>${x} + 1</arg>
<doc>Evaluates the given expression in Python and returns the result.</doc>
<msg timestamp="20231026 14:12:05.702" level="INFO">${x} = 92</msg>
<status status="PASS" starttime="20231026 14:12:05.701" endtime="20231026 14:12:05.702"/>
</kw>
<kw name="I Add A New ToDo &quot;My ToDo Number ${x}&quot;" sourcename="I Add A New ToDo &quot;${todo}&quot;">
<kw name="Fill Text" library="Browser">
<arg>.new-todo</arg>
<arg>${todo}</arg>
<tag>PageContent</tag>
<tag>Setter</tag>
<doc>Clears and fills the given ``txt`` into the text field found by ``selector``.</doc>
<msg timestamp="20231026 14:12:05.702" level="INFO">Fills the text 'My ToDo Number 92' in the given field.</msg>
<status status="PASS" starttime="20231026 14:12:05.702" endtime="20231026 14:12:05.728"/>
</kw>
<kw name="Press Keys" library="Browser">
<arg>.new-todo</arg>
<arg>Enter</arg>
<tag>PageContent</tag>
<tag>Setter</tag>
<doc>Types the given key combination into element found by ``selector``.</doc>
<status status="PASS" starttime="20231026 14:12:05.728" endtime="20231026 14:12:05.743"/>
</kw>
<status status="PASS" starttime="20231026 14:12:05.702" endtime="20231026 14:12:05.743"/>
</kw>
<status status="PASS" starttime="20231026 14:12:05.701" endtime="20231026 14:12:05.744"/>
</iter>
<iter>
<kw name="Evaluate" library="BuiltIn">
<var>${x}</var>
<arg>${x} + 1</arg>
<doc>Evaluates the given expression in Python and returns the result.</doc>
<msg timestamp="20231026 14:12:05.745" level="INFO">${x} = 93</msg>
<status status="PASS" starttime="20231026 14:12:05.744" endtime="20231026 14:12:05.745"/>
</kw>
<kw name="I Add A New ToDo &quot;My ToDo Number ${x}&quot;" sourcename="I Add A New ToDo &quot;${todo}&quot;">
<kw name="Fill Text" library="Browser">
<arg>.new-todo</arg>
<arg>${todo}</arg>
<tag>PageContent</tag>
<tag>Setter</tag>
<doc>Clears and fills the given ``txt`` into the text field found by ``selector``.</doc>
<msg timestamp="20231026 14:12:05.746" level="INFO">Fills the text 'My ToDo Number 93' in the given field.</msg>
<status status="PASS" starttime="20231026 14:12:05.746" endtime="20231026 14:12:05.767"/>
</kw>
<kw name="Press Keys" library="Browser">
<arg>.new-todo</arg>
<arg>Enter</arg>
<tag>PageContent</tag>
<tag>Setter</tag>
<doc>Types the given key combination into element found by ``selector``.</doc>
<status status="PASS" starttime="20231026 14:12:05.767" endtime="20231026 14:12:05.779"/>
</kw>
<status status="PASS" starttime="20231026 14:12:05.745" endtime="20231026 14:12:05.779"/>
</kw>
<status status="PASS" starttime="20231026 14:12:05.744" endtime="20231026 14:12:05.779"/>
</iter>
<iter>
<kw name="Evaluate" library="BuiltIn">
<var>${x}</var>
<arg>${x} + 1</arg>
<doc>Evaluates the given expression in Python and returns the result.</doc>
<msg timestamp="20231026 14:12:05.779" level="INFO">${x} = 94</msg>
<status status="PASS" starttime="20231026 14:12:05.779" endtime="20231026 14:12:05.779"/>
</kw>
<kw name="I Add A New ToDo &quot;My ToDo Number ${x}&quot;" sourcename="I Add A New ToDo &quot;${todo}&quot;">
<kw name="Fill Text" library="Browser">
<arg>.new-todo</arg>
<arg>${todo}</arg>
<tag>PageContent</tag>
<tag>Setter</tag>
<doc>Clears and fills the given ``txt`` into the text field found by ``selector``.</doc>
<msg timestamp="20231026 14:12:05.780" level="INFO">Fills the text 'My ToDo Number 94' in the given field.</msg>
<status status="PASS" starttime="20231026 14:12:05.780" endtime="20231026 14:12:05.802"/>
</kw>
<kw name="Press Keys" library="Browser">
<arg>.new-todo</arg>
<arg>Enter</arg>
<tag>PageContent</tag>
<tag>Setter</tag>
<doc>Types the given key combination into element found by ``selector``.</doc>
<status status="PASS" starttime="20231026 14:12:05.802" endtime="20231026 14:12:05.813"/>
</kw>
<status status="PASS" starttime="20231026 14:12:05.780" endtime="20231026 14:12:05.814"/>
</kw>
<status status="PASS" starttime="20231026 14:12:05.779" endtime="20231026 14:12:05.814"/>
</iter>
<iter>
<kw name="Evaluate" library="BuiltIn">
<var>${x}</var>
<arg>${x} + 1</arg>
<doc>Evaluates the given expression in Python and returns the result.</doc>
<msg timestamp="20231026 14:12:05.814" level="INFO">${x} = 95</msg>
<status status="PASS" starttime="20231026 14:12:05.814" endtime="20231026 14:12:05.814"/>
</kw>
<kw name="I Add A New ToDo &quot;My ToDo Number ${x}&quot;" sourcename="I Add A New ToDo &quot;${todo}&quot;">
<kw name="Fill Text" library="Browser">
<arg>.new-todo</arg>
<arg>${todo}</arg>
<tag>PageContent</tag>
<tag>Setter</tag>
<doc>Clears and fills the given ``txt`` into the text field found by ``selector``.</doc>
<msg timestamp="20231026 14:12:05.815" level="INFO">Fills the text 'My ToDo Number 95' in the given field.</msg>
<status status="PASS" starttime="20231026 14:12:05.815" endtime="20231026 14:12:05.842"/>
</kw>
<kw name="Press Keys" library="Browser">
<arg>.new-todo</arg>
<arg>Enter</arg>
<tag>PageContent</tag>
<tag>Setter</tag>
<doc>Types the given key combination into element found by ``selector``.</doc>
<status status="PASS" starttime="20231026 14:12:05.843" endtime="20231026 14:12:05.854"/>
</kw>
<status status="PASS" starttime="20231026 14:12:05.814" endtime="20231026 14:12:05.854"/>
</kw>
<status status="PASS" starttime="20231026 14:12:05.814" endtime="20231026 14:12:05.854"/>
</iter>
<iter>
<kw name="Evaluate" library="BuiltIn">
<var>${x}</var>
<arg>${x} + 1</arg>
<doc>Evaluates the given expression in Python and returns the result.</doc>
<msg timestamp="20231026 14:12:05.855" level="INFO">${x} = 96</msg>
<status status="PASS" starttime="20231026 14:12:05.854" endtime="20231026 14:12:05.855"/>
</kw>
<kw name="I Add A New ToDo &quot;My ToDo Number ${x}&quot;" sourcename="I Add A New ToDo &quot;${todo}&quot;">
<kw name="Fill Text" library="Browser">
<arg>.new-todo</arg>
<arg>${todo}</arg>
<tag>PageContent</tag>
<tag>Setter</tag>
<doc>Clears and fills the given ``txt`` into the text field found by ``selector``.</doc>
<msg timestamp="20231026 14:12:05.856" level="INFO">Fills the text 'My ToDo Number 96' in the given field.</msg>
<status status="PASS" starttime="20231026 14:12:05.856" endtime="20231026 14:12:05.884"/>
</kw>
<kw name="Press Keys" library="Browser">
<arg>.new-todo</arg>
<arg>Enter</arg>
<tag>PageContent</tag>
<tag>Setter</tag>
<doc>Types the given key combination into element found by ``selector``.</doc>
<status status="PASS" starttime="20231026 14:12:05.884" endtime="20231026 14:12:05.896"/>
</kw>
<status status="PASS" starttime="20231026 14:12:05.855" endtime="20231026 14:12:05.896"/>
</kw>
<status status="PASS" starttime="20231026 14:12:05.854" endtime="20231026 14:12:05.896"/>
</iter>
<iter>
<kw name="Evaluate" library="BuiltIn">
<var>${x}</var>
<arg>${x} + 1</arg>
<doc>Evaluates the given expression in Python and returns the result.</doc>
<msg timestamp="20231026 14:12:05.897" level="INFO">${x} = 97</msg>
<status status="PASS" starttime="20231026 14:12:05.897" endtime="20231026 14:12:05.897"/>
</kw>
<kw name="I Add A New ToDo &quot;My ToDo Number ${x}&quot;" sourcename="I Add A New ToDo &quot;${todo}&quot;">
<kw name="Fill Text" library="Browser">
<arg>.new-todo</arg>
<arg>${todo}</arg>
<tag>PageContent</tag>
<tag>Setter</tag>
<doc>Clears and fills the given ``txt`` into the text field found by ``selector``.</doc>
<msg timestamp="20231026 14:12:05.898" level="INFO">Fills the text 'My ToDo Number 97' in the given field.</msg>
<status status="PASS" starttime="20231026 14:12:05.897" endtime="20231026 14:12:05.924"/>
</kw>
<kw name="Press Keys" library="Browser">
<arg>.new-todo</arg>
<arg>Enter</arg>
<tag>PageContent</tag>
<tag>Setter</tag>
<doc>Types the given key combination into element found by ``selector``.</doc>
<status status="PASS" starttime="20231026 14:12:05.925" endtime="20231026 14:12:05.950"/>
</kw>
<status status="PASS" starttime="20231026 14:12:05.897" endtime="20231026 14:12:05.951"/>
</kw>
<status status="PASS" starttime="20231026 14:12:05.897" endtime="20231026 14:12:05.951"/>
</iter>
<iter>
<kw name="Evaluate" library="BuiltIn">
<var>${x}</var>
<arg>${x} + 1</arg>
<doc>Evaluates the given expression in Python and returns the result.</doc>
<msg timestamp="20231026 14:12:05.952" level="INFO">${x} = 98</msg>
<status status="PASS" starttime="20231026 14:12:05.952" endtime="20231026 14:12:05.952"/>
</kw>
<kw name="I Add A New ToDo &quot;My ToDo Number ${x}&quot;" sourcename="I Add A New ToDo &quot;${todo}&quot;">
<kw name="Fill Text" library="Browser">
<arg>.new-todo</arg>
<arg>${todo}</arg>
<tag>PageContent</tag>
<tag>Setter</tag>
<doc>Clears and fills the given ``txt`` into the text field found by ``selector``.</doc>
<msg timestamp="20231026 14:12:05.953" level="INFO">Fills the text 'My ToDo Number 98' in the given field.</msg>
<status status="PASS" starttime="20231026 14:12:05.953" endtime="20231026 14:12:05.983"/>
</kw>
<kw name="Press Keys" library="Browser">
<arg>.new-todo</arg>
<arg>Enter</arg>
<tag>PageContent</tag>
<tag>Setter</tag>
<doc>Types the given key combination into element found by ``selector``.</doc>
<status status="PASS" starttime="20231026 14:12:05.983" endtime="20231026 14:12:05.995"/>
</kw>
<status status="PASS" starttime="20231026 14:12:05.952" endtime="20231026 14:12:05.995"/>
</kw>
<status status="PASS" starttime="20231026 14:12:05.951" endtime="20231026 14:12:05.995"/>
</iter>
<iter>
<kw name="Evaluate" library="BuiltIn">
<var>${x}</var>
<arg>${x} + 1</arg>
<doc>Evaluates the given expression in Python and returns the result.</doc>
<msg timestamp="20231026 14:12:05.995" level="INFO">${x} = 99</msg>
<status status="PASS" starttime="20231026 14:12:05.995" endtime="20231026 14:12:05.995"/>
</kw>
<kw name="I Add A New ToDo &quot;My ToDo Number ${x}&quot;" sourcename="I Add A New ToDo &quot;${todo}&quot;">
<kw name="Fill Text" library="Browser">
<arg>.new-todo</arg>
<arg>${todo}</arg>
<tag>PageContent</tag>
<tag>Setter</tag>
<doc>Clears and fills the given ``txt`` into the text field found by ``selector``.</doc>
<msg timestamp="20231026 14:12:05.996" level="INFO">Fills the text 'My ToDo Number 99' in the given field.</msg>
<status status="PASS" starttime="20231026 14:12:05.996" endtime="20231026 14:12:06.027"/>
</kw>
<kw name="Press Keys" library="Browser">
<arg>.new-todo</arg>
<arg>Enter</arg>
<tag>PageContent</tag>
<tag>Setter</tag>
<doc>Types the given key combination into element found by ``selector``.</doc>
<status status="PASS" starttime="20231026 14:12:06.027" endtime="20231026 14:12:06.046"/>
</kw>
<status status="PASS" starttime="20231026 14:12:05.996" endtime="20231026 14:12:06.046"/>
</kw>
<status status="PASS" starttime="20231026 14:12:05.995" endtime="20231026 14:12:06.046"/>
</iter>
<iter>
<kw name="Evaluate" library="BuiltIn">
<var>${x}</var>
<arg>${x} + 1</arg>
<doc>Evaluates the given expression in Python and returns the result.</doc>
<msg timestamp="20231026 14:12:06.047" level="INFO">${x} = 100</msg>
<status status="PASS" starttime="20231026 14:12:06.047" endtime="20231026 14:12:06.047"/>
</kw>
<kw name="I Add A New ToDo &quot;My ToDo Number ${x}&quot;" sourcename="I Add A New ToDo &quot;${todo}&quot;">
<kw name="Fill Text" library="Browser">
<arg>.new-todo</arg>
<arg>${todo}</arg>
<tag>PageContent</tag>
<tag>Setter</tag>
<doc>Clears and fills the given ``txt`` into the text field found by ``selector``.</doc>
<msg timestamp="20231026 14:12:06.048" level="INFO">Fills the text 'My ToDo Number 100' in the given field.</msg>
<status status="PASS" starttime="20231026 14:12:06.048" endtime="20231026 14:12:06.072"/>
</kw>
<kw name="Press Keys" library="Browser">
<arg>.new-todo</arg>
<arg>Enter</arg>
<tag>PageContent</tag>
<tag>Setter</tag>
<doc>Types the given key combination into element found by ``selector``.</doc>
<status status="PASS" starttime="20231026 14:12:06.072" endtime="20231026 14:12:06.085"/>
</kw>
<status status="PASS" starttime="20231026 14:12:06.048" endtime="20231026 14:12:06.085"/>
</kw>
<status status="PASS" starttime="20231026 14:12:06.046" endtime="20231026 14:12:06.085"/>
</iter>
<status status="PASS" starttime="20231026 14:12:01.984" endtime="20231026 14:12:06.086"/>
</while>
<status status="PASS" starttime="20231026 14:12:01.982" endtime="20231026 14:12:06.086"/>
</kw>
<kw name="Then Open ToDos should show &quot;100 items left&quot;" sourcename="Open ToDos should show &quot;${text}&quot;">
<kw name="Get Text" library="Browser">
<arg>span.todo-count</arg>
<arg>==</arg>
<arg>${text}</arg>
<tag>Assertion</tag>
<tag>Getter</tag>
<tag>PageContent</tag>
<doc>Returns text attribute of the element found by ``selector``.</doc>
<msg timestamp="20231026 14:12:06.116" level="INFO">Text: '100 items left'</msg>
<status status="PASS" starttime="20231026 14:12:06.086" endtime="20231026 14:12:06.116"/>
</kw>
<status status="PASS" starttime="20231026 14:12:06.086" endtime="20231026 14:12:06.116"/>
</kw>
<kw name="Close Context" library="Browser" type="TEARDOWN">
<tag>BrowserControl</tag>
<tag>Setter</tag>
<doc>Closes a Context.</doc>
<msg timestamp="20231026 14:12:06.119" level="INFO">[
  {
    "type": "chromium",
    "id": "browser=77f6e2e6-763b-4658-b8b8-ff1ebb5f790f",
    "contexts": [
      {
        "type": "context",
        "id": "context=79b4a75e-2fe2-47a5-a4d5-42b3d2f9d8d2",
        "activePage": "page=7b3da37b-ccc9-4af2-82a9-ec002ee8c40d",
        "pages": [
          {
            "type": "page",
            "title": "React \u2022 TodoMVC",
            "url": "https://todomvc.com/examples/react/#/",
            "id": "page=7b3da37b-ccc9-4af2-82a9-ec002ee8c40d",
            "timestamp": 1698318721.404
          }
        ]
      }
    ],
    "activeContext": "context=79b4a75e-2fe2-47a5-a4d5-42b3d2f9d8d2",
    "activeBrowser": true
  }
]</msg>
<msg timestamp="20231026 14:12:06.119" level="INFO">Switching browser to CURRENT</msg>
<msg timestamp="20231026 14:12:06.122" level="INFO">Returned active browser id. CURRENT</msg>
<msg timestamp="20231026 14:12:06.122" level="INFO">Switching browser to browser=77f6e2e6-763b-4658-b8b8-ff1ebb5f790f</msg>
<msg timestamp="20231026 14:12:06.127" level="INFO">Successfully changed active browser: browser=77f6e2e6-763b-4658-b8b8-ff1ebb5f790f</msg>
<msg timestamp="20231026 14:12:06.127" level="INFO">Switching context to CURRENT in CURRENT</msg>
<msg timestamp="20231026 14:12:06.131" level="INFO">Returned active context id: CURRENT</msg>
<msg timestamp="20231026 14:12:06.132" level="INFO">Switching context to context=79b4a75e-2fe2-47a5-a4d5-42b3d2f9d8d2 in CURRENT</msg>
<msg timestamp="20231026 14:12:06.136" level="INFO">[
  {
    "type": "chromium",
    "id": "browser=77f6e2e6-763b-4658-b8b8-ff1ebb5f790f",
    "contexts": [
      {
        "type": "context",
        "id": "context=79b4a75e-2fe2-47a5-a4d5-42b3d2f9d8d2",
        "activePage": "page=7b3da37b-ccc9-4af2-82a9-ec002ee8c40d",
        "pages": [
          {
            "type": "page",
            "title": "React \u2022 TodoMVC",
            "url": "https://todomvc.com/examples/react/#/",
            "id": "page=7b3da37b-ccc9-4af2-82a9-ec002ee8c40d",
            "timestamp": 1698318721.404
          }
        ]
      }
    ],
    "activeContext": "context=79b4a75e-2fe2-47a5-a4d5-42b3d2f9d8d2",
    "activeBrowser": true
  }
]</msg>
<msg timestamp="20231026 14:12:06.143" level="INFO">Successfully changed active context: context=79b4a75e-2fe2-47a5-a4d5-42b3d2f9d8d2</msg>
<msg timestamp="20231026 14:12:06.185" level="INFO">Successfully closed Context</msg>
<status status="PASS" starttime="20231026 14:12:06.117" endtime="20231026 14:12:06.185"/>
</kw>
<status status="PASS" starttime="20231026 14:12:01.127" endtime="20231026 14:12:06.185"/>
</test>
<kw name="Close Browser" library="Browser" type="TEARDOWN">
<tag>BrowserControl</tag>
<tag>Setter</tag>
<doc>Closes the current browser.</doc>
<msg timestamp="20231026 14:12:06.328" level="INFO">Closed browser</msg>
<status status="PASS" starttime="20231026 14:12:06.200" endtime="20231026 14:12:06.328"/>
</kw>
<status status="PASS" starttime="20231026 14:11:47.403" endtime="20231026 14:12:06.328"/>
</suite>
<statistics>
<total>
<stat pass="7" fail="0" skip="0">All Tests</stat>
</total>
<tag>
<stat pass="2" fail="0" skip="0">Add ToDo</stat>
<stat pass="1" fail="0" skip="0">Mark ToDo</stat>
</tag>
<suite>
<stat pass="7" fail="0" skip="0" id="s1" name="Todomcv Testsuite">Todomcv Testsuite</stat>
</suite>
</statistics>
<errors>
</errors>
</robot>
